2024-08-19 14:38:12.254 [info] Extension host with pid 9308 started
2024-08-19 14:38:12.254 [info] Skipping acquiring lock for /home/kaj/.config/Code - OSS/User/workspaceStorage/841c61c466936a0d9b2e70d017045a46.
2024-08-19 14:38:12.553 [info] ExtensionService#_doActivateExtension Vue.volar, startup: false, activationEvent: 'onLanguage:plaintext'
2024-08-19 14:38:12.647 [info] ExtensionService#_doActivateExtension vscode.emmet, startup: false, activationEvent: 'onLanguage'
2024-08-19 14:38:12.717 [info] ExtensionService#_doActivateExtension vscode.typescript-language-features, startup: false, activationEvent: 'api', root cause: Vue.volar
2024-08-19 14:38:13.128 [info] ExtensionService#_doActivateExtension vscode.git-base, startup: true, activationEvent: '*', root cause: vscode.git
2024-08-19 14:38:13.131 [info] ExtensionService#_doActivateExtension vscode.npm, startup: true, activationEvent: 'workspaceContains:package.json'
2024-08-19 14:38:13.207 [info] ExtensionService#_doActivateExtension vscode.git, startup: true, activationEvent: '*'
2024-08-19 14:38:13.288 [info] ExtensionService#_doActivateExtension vscode.github, startup: true, activationEvent: '*'
2024-08-19 14:38:13.415 [info] Eager extensions activated
2024-08-19 14:38:13.475 [info] ExtensionService#_doActivateExtension vscode.debug-auto-launch, startup: false, activationEvent: 'onStartupFinished'
2024-08-19 14:38:13.479 [info] ExtensionService#_doActivateExtension vscode.merge-conflict, startup: false, activationEvent: 'onStartupFinished'
2024-08-19 14:38:13.508 [info] ExtensionService#_doActivateExtension bradlc.vscode-tailwindcss, startup: false, activationEvent: 'onStartupFinished'
2024-08-19 14:53:28.624 [info] Extension host terminating: renderer closed the MessagePort
2024-08-19 14:53:28.648 [error] Canceled: Canceled
	at new I (/usr/lib/code-oss/resources/app/out/vs/workbench/api/node/extensionHostProcess.js:144:34990)
	at S.U (/usr/lib/code-oss/resources/app/out/vs/workbench/api/node/extensionHostProcess.js:151:6023)
	at z.<computed>.F.charCodeAt.T.CharCode.DollarSign.z.<computed> (/usr/lib/code-oss/resources/app/out/vs/workbench/api/node/extensionHostProcess.js:151:3107)
	at f.g (/usr/lib/code-oss/resources/app/out/vs/workbench/api/node/extensionHostProcess.js:154:203861)
	at f.executeCommand (/usr/lib/code-oss/resources/app/out/vs/workbench/api/node/extensionHostProcess.js:154:203299)
	at A.registerCommand.description (/usr/lib/code-oss/resources/app/out/vs/workbench/api/node/extensionHostProcess.js:154:202623)
	at f.h (/usr/lib/code-oss/resources/app/out/vs/workbench/api/node/extensionHostProcess.js:154:204400)
	at f.g (/usr/lib/code-oss/resources/app/out/vs/workbench/api/node/extensionHostProcess.js:154:203392)
	at f.executeCommand (/usr/lib/code-oss/resources/app/out/vs/workbench/api/node/extensionHostProcess.js:154:203299)
	at Object.executeCommand (/usr/lib/code-oss/resources/app/out/vs/workbench/api/node/extensionHostProcess.js:164:23051)
	at pE (/home/kaj/.vscode-oss/extensions/bradlc.vscode-tailwindcss-0.12.6/dist/extension.js:40:8764)
	at Ne (/home/kaj/.vscode-oss/extensions/bradlc.vscode-tailwindcss-0.12.6/dist/extension.js:4:1357)
	at me (/home/kaj/.vscode-oss/extensions/bradlc.vscode-tailwindcss-0.12.6/dist/extension.js:3:6845)
	at Immediate.<anonymous> (/home/kaj/.vscode-oss/extensions/bradlc.vscode-tailwindcss-0.12.6/dist/extension.js:3:6723)
	at process.processImmediate (node:internal/timers:476:21) setContext undefined
2024-08-19 14:53:28.674 [info] Extension host with pid 9308 exiting with code 0
