2024-08-18 19:18:05.618 [info] Log level: Info
2024-08-18 19:18:05.618 [info] Validating found git in: "git"
2024-08-18 19:18:05.618 [info] Using git "2.46.0" from "git"
2024-08-18 19:18:05.618 [info] > git rev-parse --show-toplevel [3ms]
2024-08-18 19:18:05.618 [info] fatal: not a git repository (or any of the parent directories): .git
2024-08-18 19:18:05.618 [info] > git rev-parse --show-toplevel [2ms]
2024-08-18 19:18:05.618 [info] fatal: not a git repository (or any of the parent directories): .git
2024-08-18 19:18:05.618 [info] > git rev-parse --show-toplevel [2ms]
2024-08-18 19:18:05.618 [info] fatal: not a git repository (or any of the parent directories): .git
2024-08-18 19:18:05.618 [info] > git rev-parse --show-toplevel [2ms]
2024-08-18 19:18:05.618 [info] fatal: not a git repository (or any of the parent directories): .git
2024-08-18 19:18:05.618 [info] > git rev-parse --show-toplevel [3ms]
2024-08-18 19:18:05.618 [info] fatal: not a git repository (or any of the parent directories): .git
2024-08-18 19:18:06.034 [info] > git rev-parse --show-toplevel [4ms]
2024-08-18 19:18:06.035 [info] fatal: not a git repository (or any of the parent directories): .git
2024-08-18 19:18:14.057 [info] Log level: Info
2024-08-18 19:18:14.057 [info] Validating found git in: "git"
2024-08-18 19:18:14.057 [info] Using git "2.46.0" from "git"
2024-08-18 19:18:14.057 [info] > git rev-parse --show-toplevel [10ms]
2024-08-18 19:18:14.057 [info] fatal: not a git repository (or any of the parent directories): .git
2024-08-18 19:18:15.348 [info] > git rev-parse --show-toplevel [2ms]
2024-08-18 19:18:15.348 [info] fatal: not a git repository (or any of the parent directories): .git
2024-08-18 19:18:18.585 [info] > git rev-parse --show-toplevel [2ms]
2024-08-18 19:18:18.585 [info] fatal: not a git repository (or any of the parent directories): .git
2024-08-18 19:20:03.287 [info] > git rev-parse --show-toplevel [2ms]
2024-08-18 19:20:03.287 [info] fatal: not a git repository (or any of the parent directories): .git
2024-08-18 19:20:04.907 [info] > git rev-parse --show-toplevel [3ms]
2024-08-18 19:20:04.907 [info] fatal: not a git repository (or any of the parent directories): .git
2024-08-18 19:20:05.773 [info] > git rev-parse --show-toplevel [2ms]
2024-08-18 19:20:05.773 [info] fatal: not a git repository (or any of the parent directories): .git
2024-08-18 19:20:08.097 [info] > git rev-parse --show-toplevel [2ms]
2024-08-18 19:20:08.097 [info] fatal: not a git repository (or any of the parent directories): .git
2024-08-18 19:20:32.591 [info] > git rev-parse --show-toplevel [2ms]
2024-08-18 19:20:32.591 [info] fatal: not a git repository (or any of the parent directories): .git
2024-08-18 19:20:33.944 [info] > git rev-parse --show-toplevel [2ms]
2024-08-18 19:20:33.944 [info] fatal: not a git repository (or any of the parent directories): .git
2024-08-18 19:20:34.278 [info] > git rev-parse --show-toplevel [2ms]
2024-08-18 19:20:34.278 [info] fatal: not a git repository (or any of the parent directories): .git
2024-08-18 19:20:34.419 [info] > git rev-parse --show-toplevel [2ms]
2024-08-18 19:20:34.419 [info] fatal: not a git repository (or any of the parent directories): .git
2024-08-18 19:20:34.606 [info] > git rev-parse --show-toplevel [2ms]
2024-08-18 19:20:34.606 [info] fatal: not a git repository (or any of the parent directories): .git
2024-08-18 19:20:34.746 [info] > git rev-parse --show-toplevel [2ms]
2024-08-18 19:20:34.746 [info] fatal: not a git repository (or any of the parent directories): .git
2024-08-18 19:20:34.872 [info] > git rev-parse --show-toplevel [5ms]
2024-08-18 19:20:34.872 [info] fatal: not a git repository (or any of the parent directories): .git
2024-08-18 19:20:35.017 [info] > git rev-parse --show-toplevel [2ms]
2024-08-18 19:20:35.017 [info] fatal: not a git repository (or any of the parent directories): .git
2024-08-18 19:20:35.823 [info] > git rev-parse --show-toplevel [2ms]
2024-08-18 19:20:35.823 [info] fatal: not a git repository (or any of the parent directories): .git
2024-08-18 19:20:41.125 [info] > git rev-parse --show-toplevel [2ms]
2024-08-18 19:20:41.125 [info] fatal: not a git repository (or any of the parent directories): .git
2024-08-18 19:20:41.674 [info] > git rev-parse --show-toplevel [1ms]
2024-08-18 19:20:41.674 [info] fatal: not a git repository (or any of the parent directories): .git
2024-08-18 19:20:42.317 [info] > git rev-parse --show-toplevel [1ms]
2024-08-18 19:20:42.317 [info] fatal: not a git repository (or any of the parent directories): .git
2024-08-18 19:20:43.357 [info] > git rev-parse --show-toplevel [2ms]
2024-08-18 19:20:43.357 [info] fatal: not a git repository (or any of the parent directories): .git
2024-08-18 19:20:44.162 [info] > git rev-parse --show-toplevel [2ms]
2024-08-18 19:20:44.163 [info] fatal: not a git repository (or any of the parent directories): .git
2024-08-18 19:20:45.189 [info] > git rev-parse --show-toplevel [2ms]
2024-08-18 19:20:45.189 [info] fatal: not a git repository (or any of the parent directories): .git
2024-08-18 19:20:46.039 [info] > git rev-parse --show-toplevel [2ms]
2024-08-18 19:20:46.039 [info] fatal: not a git repository (or any of the parent directories): .git
2024-08-18 19:20:46.385 [info] > git rev-parse --show-toplevel [2ms]
2024-08-18 19:20:46.385 [info] fatal: not a git repository (or any of the parent directories): .git
2024-08-18 19:20:46.645 [info] > git rev-parse --show-toplevel [2ms]
2024-08-18 19:20:46.645 [info] fatal: not a git repository (or any of the parent directories): .git
2024-08-18 19:20:49.524 [info] > git rev-parse --show-toplevel [1ms]
2024-08-18 19:20:49.524 [info] fatal: not a git repository (or any of the parent directories): .git
2024-08-18 19:20:50.268 [info] > git rev-parse --show-toplevel [2ms]
2024-08-18 19:20:50.268 [info] fatal: not a git repository (or any of the parent directories): .git
2024-08-18 19:20:52.727 [info] > git rev-parse --show-toplevel [2ms]
2024-08-18 19:20:52.727 [info] fatal: not a git repository (or any of the parent directories): .git
2024-08-18 19:20:53.391 [info] > git rev-parse --show-toplevel [4ms]
2024-08-18 19:20:53.392 [info] fatal: not a git repository (or any of the parent directories): .git
2024-08-18 19:20:59.444 [info] > git rev-parse --show-toplevel [3ms]
2024-08-18 19:20:59.444 [info] fatal: not a git repository (or any of the parent directories): .git
2024-08-18 19:21:01.776 [info] > git rev-parse --show-toplevel [2ms]
2024-08-18 19:21:01.776 [info] fatal: not a git repository (or any of the parent directories): .git
2024-08-18 19:21:03.797 [info] > git rev-parse --show-toplevel [2ms]
2024-08-18 19:21:03.797 [info] fatal: not a git repository (or any of the parent directories): .git
2024-08-18 19:21:06.944 [info] > git rev-parse --show-toplevel [2ms]
2024-08-18 19:21:06.944 [info] fatal: not a git repository (or any of the parent directories): .git
2024-08-18 19:21:08.537 [info] > git rev-parse --show-toplevel [2ms]
2024-08-18 19:21:08.537 [info] fatal: not a git repository (or any of the parent directories): .git
2024-08-18 19:21:09.586 [info] > git rev-parse --show-toplevel [2ms]
2024-08-18 19:21:09.586 [info] fatal: not a git repository (or any of the parent directories): .git
2024-08-18 19:21:09.830 [info] > git rev-parse --show-toplevel [2ms]
2024-08-18 19:21:09.831 [info] fatal: not a git repository (or any of the parent directories): .git
2024-08-18 19:21:10.016 [info] > git rev-parse --show-toplevel [4ms]
2024-08-18 19:21:10.016 [info] fatal: not a git repository (or any of the parent directories): .git
2024-08-18 19:21:10.184 [info] > git rev-parse --show-toplevel [2ms]
2024-08-18 19:21:10.184 [info] fatal: not a git repository (or any of the parent directories): .git
2024-08-18 19:21:10.368 [info] > git rev-parse --show-toplevel [2ms]
2024-08-18 19:21:10.368 [info] fatal: not a git repository (or any of the parent directories): .git
2024-08-18 19:21:10.560 [info] > git rev-parse --show-toplevel [2ms]
2024-08-18 19:21:10.560 [info] fatal: not a git repository (or any of the parent directories): .git
2024-08-18 19:22:07.014 [info] > git rev-parse --show-toplevel [2ms]
2024-08-18 19:22:07.014 [info] fatal: not a git repository (or any of the parent directories): .git
2024-08-18 19:25:51.719 [info] > git rev-parse --show-toplevel [2ms]
2024-08-18 19:25:51.719 [info] fatal: not a git repository (or any of the parent directories): .git
2024-08-18 19:25:55.466 [info] > git rev-parse --show-toplevel [2ms]
2024-08-18 19:25:55.466 [info] fatal: not a git repository (or any of the parent directories): .git
2024-08-18 19:25:56.853 [info] > git rev-parse --show-toplevel [2ms]
2024-08-18 19:25:56.853 [info] fatal: not a git repository (or any of the parent directories): .git
2024-08-18 19:25:58.981 [info] > git rev-parse --show-toplevel [2ms]
2024-08-18 19:25:58.981 [info] fatal: not a git repository (or any of the parent directories): .git
2024-08-18 19:26:00.456 [info] > git rev-parse --show-toplevel [2ms]
2024-08-18 19:26:00.456 [info] fatal: not a git repository (or any of the parent directories): .git
2024-08-18 19:26:04.193 [info] > git rev-parse --show-toplevel [3ms]
2024-08-18 19:26:04.194 [info] fatal: not a git repository (or any of the parent directories): .git
2024-08-18 19:26:05.052 [info] > git rev-parse --show-toplevel [2ms]
2024-08-18 19:26:05.053 [info] fatal: not a git repository (or any of the parent directories): .git
2024-08-18 19:26:06.751 [info] > git rev-parse --show-toplevel [2ms]
2024-08-18 19:26:06.751 [info] fatal: not a git repository (or any of the parent directories): .git
2024-08-18 19:26:07.840 [info] > git rev-parse --show-toplevel [1ms]
2024-08-18 19:26:07.840 [info] fatal: not a git repository (or any of the parent directories): .git
2024-08-18 19:26:09.254 [info] > git rev-parse --show-toplevel [2ms]
2024-08-18 19:26:09.254 [info] fatal: not a git repository (or any of the parent directories): .git
2024-08-18 19:26:09.720 [info] > git rev-parse --show-toplevel [2ms]
2024-08-18 19:26:09.720 [info] fatal: not a git repository (or any of the parent directories): .git
2024-08-18 19:26:10.857 [info] > git rev-parse --show-toplevel [2ms]
2024-08-18 19:26:10.857 [info] fatal: not a git repository (or any of the parent directories): .git
2024-08-18 19:26:11.391 [info] > git rev-parse --show-toplevel [2ms]
2024-08-18 19:26:11.391 [info] fatal: not a git repository (or any of the parent directories): .git
2024-08-18 19:26:12.710 [info] > git rev-parse --show-toplevel [4ms]
2024-08-18 19:26:12.710 [info] fatal: not a git repository (or any of the parent directories): .git
2024-08-18 19:26:13.171 [info] > git rev-parse --show-toplevel [2ms]
2024-08-18 19:26:13.171 [info] fatal: not a git repository (or any of the parent directories): .git
2024-08-18 19:26:14.291 [info] > git rev-parse --show-toplevel [2ms]
2024-08-18 19:26:14.291 [info] fatal: not a git repository (or any of the parent directories): .git
2024-08-18 19:26:14.777 [info] > git rev-parse --show-toplevel [2ms]
2024-08-18 19:26:14.777 [info] fatal: not a git repository (or any of the parent directories): .git
2024-08-18 19:26:16.941 [info] > git rev-parse --show-toplevel [2ms]
2024-08-18 19:26:16.941 [info] fatal: not a git repository (or any of the parent directories): .git
2024-08-18 19:26:17.806 [info] > git rev-parse --show-toplevel [2ms]
2024-08-18 19:26:17.806 [info] fatal: not a git repository (or any of the parent directories): .git
2024-08-18 19:26:57.425 [info] > git rev-parse --show-toplevel [2ms]
2024-08-18 19:26:57.425 [info] fatal: not a git repository (or any of the parent directories): .git
2024-08-18 19:27:06.604 [info] > git rev-parse --show-toplevel [2ms]
2024-08-18 19:27:06.604 [info] fatal: not a git repository (or any of the parent directories): .git
2024-08-18 19:27:08.977 [info] > git rev-parse --show-toplevel [2ms]
2024-08-18 19:27:08.977 [info] fatal: not a git repository (or any of the parent directories): .git
2024-08-18 19:27:12.100 [info] > git rev-parse --show-toplevel [2ms]
2024-08-18 19:27:12.100 [info] fatal: not a git repository (or any of the parent directories): .git
2024-08-18 19:27:14.344 [info] > git rev-parse --show-toplevel [3ms]
2024-08-18 19:27:14.344 [info] fatal: not a git repository (or any of the parent directories): .git
2024-08-18 19:27:16.462 [info] > git rev-parse --show-toplevel [2ms]
2024-08-18 19:27:16.462 [info] fatal: not a git repository (or any of the parent directories): .git
2024-08-18 19:27:18.431 [info] > git rev-parse --show-toplevel [3ms]
2024-08-18 19:27:18.431 [info] fatal: not a git repository (or any of the parent directories): .git
2024-08-18 19:27:20.183 [info] > git rev-parse --show-toplevel [2ms]
2024-08-18 19:27:20.183 [info] fatal: not a git repository (or any of the parent directories): .git
2024-08-18 19:27:22.262 [info] > git rev-parse --show-toplevel [3ms]
2024-08-18 19:27:22.262 [info] fatal: not a git repository (or any of the parent directories): .git
2024-08-18 19:27:22.646 [info] > git rev-parse --show-toplevel [2ms]
2024-08-18 19:27:22.646 [info] fatal: not a git repository (or any of the parent directories): .git
2024-08-18 19:27:22.820 [info] > git rev-parse --show-toplevel [2ms]
2024-08-18 19:27:22.820 [info] fatal: not a git repository (or any of the parent directories): .git
2024-08-18 19:27:22.974 [info] > git rev-parse --show-toplevel [2ms]
2024-08-18 19:27:22.974 [info] fatal: not a git repository (or any of the parent directories): .git
2024-08-18 19:27:23.131 [info] > git rev-parse --show-toplevel [2ms]
2024-08-18 19:27:23.131 [info] fatal: not a git repository (or any of the parent directories): .git
2024-08-18 19:27:23.295 [info] > git rev-parse --show-toplevel [3ms]
2024-08-18 19:27:23.295 [info] fatal: not a git repository (or any of the parent directories): .git
2024-08-18 19:27:23.479 [info] > git rev-parse --show-toplevel [2ms]
2024-08-18 19:27:23.479 [info] fatal: not a git repository (or any of the parent directories): .git
2024-08-18 19:27:23.638 [info] > git rev-parse --show-toplevel [2ms]
2024-08-18 19:27:23.638 [info] fatal: not a git repository (or any of the parent directories): .git
2024-08-18 19:40:45.272 [info] > git rev-parse --show-toplevel [2ms]
2024-08-18 19:40:45.272 [info] fatal: not a git repository (or any of the parent directories): .git
2024-08-18 19:40:47.120 [info] > git rev-parse --show-toplevel [2ms]
2024-08-18 19:40:47.120 [info] fatal: not a git repository (or any of the parent directories): .git
2024-08-18 19:41:03.586 [info] > git rev-parse --show-toplevel [2ms]
2024-08-18 19:41:03.586 [info] fatal: not a git repository (or any of the parent directories): .git
2024-08-18 19:55:05.190 [info] > git rev-parse --show-toplevel [2ms]
2024-08-18 19:55:05.190 [info] fatal: not a git repository (or any of the parent directories): .git
2024-08-18 19:59:17.662 [info] > git rev-parse --show-toplevel [2ms]
2024-08-18 19:59:17.662 [info] fatal: not a git repository (or any of the parent directories): .git
2024-08-18 19:59:50.711 [info] > git rev-parse --show-toplevel [2ms]
2024-08-18 19:59:50.711 [info] fatal: not a git repository (or any of the parent directories): .git
2024-08-18 20:04:42.563 [info] > git rev-parse --show-toplevel [2ms]
2024-08-18 20:04:42.563 [info] fatal: not a git repository (or any of the parent directories): .git
2024-08-18 20:07:13.993 [info] > git rev-parse --show-toplevel [2ms]
2024-08-18 20:07:13.993 [info] fatal: not a git repository (or any of the parent directories): .git
2024-08-18 20:08:35.584 [info] > git rev-parse --show-toplevel [3ms]
2024-08-18 20:08:35.584 [info] fatal: not a git repository (or any of the parent directories): .git
2024-08-18 20:08:38.779 [info] > git rev-parse --show-toplevel [2ms]
2024-08-18 20:08:38.779 [info] fatal: not a git repository (or any of the parent directories): .git
2024-08-18 20:08:40.886 [info] > git rev-parse --show-toplevel [2ms]
2024-08-18 20:08:40.886 [info] fatal: not a git repository (or any of the parent directories): .git
2024-08-18 20:08:41.319 [info] > git rev-parse --show-toplevel [4ms]
2024-08-18 20:08:41.319 [info] fatal: not a git repository (or any of the parent directories): .git
2024-08-18 20:08:41.646 [info] > git rev-parse --show-toplevel [2ms]
2024-08-18 20:08:41.646 [info] fatal: not a git repository (or any of the parent directories): .git
2024-08-18 20:08:44.903 [info] > git rev-parse --show-toplevel [2ms]
2024-08-18 20:08:44.903 [info] fatal: not a git repository (or any of the parent directories): .git
2024-08-18 20:08:45.167 [info] > git rev-parse --show-toplevel [2ms]
2024-08-18 20:08:45.167 [info] fatal: not a git repository (or any of the parent directories): .git
2024-08-18 20:08:50.998 [info] > git rev-parse --show-toplevel [1ms]
2024-08-18 20:08:50.998 [info] fatal: not a git repository (or any of the parent directories): .git
2024-08-18 20:09:23.995 [info] > git rev-parse --show-toplevel [2ms]
2024-08-18 20:09:23.995 [info] fatal: not a git repository (or any of the parent directories): .git
2024-08-18 20:11:15.295 [info] > git rev-parse --show-toplevel [2ms]
2024-08-18 20:11:15.295 [info] fatal: not a git repository (or any of the parent directories): .git
2024-08-18 20:11:16.551 [info] > git rev-parse --show-toplevel [2ms]
2024-08-18 20:11:16.551 [info] fatal: not a git repository (or any of the parent directories): .git
2024-08-18 20:11:18.795 [info] > git rev-parse --show-toplevel [2ms]
2024-08-18 20:11:18.795 [info] fatal: not a git repository (or any of the parent directories): .git
2024-08-18 20:11:33.793 [info] > git rev-parse --show-toplevel [2ms]
2024-08-18 20:11:33.793 [info] fatal: not a git repository (or any of the parent directories): .git
2024-08-18 20:11:46.093 [info] > git rev-parse --show-toplevel [2ms]
2024-08-18 20:11:46.093 [info] fatal: not a git repository (or any of the parent directories): .git
2024-08-18 20:11:49.573 [info] > git rev-parse --show-toplevel [2ms]
2024-08-18 20:11:49.573 [info] fatal: not a git repository (or any of the parent directories): .git
2024-08-18 20:13:05.165 [info] > git rev-parse --show-toplevel [2ms]
2024-08-18 20:13:05.165 [info] fatal: not a git repository (or any of the parent directories): .git
2024-08-18 20:13:07.683 [info] > git rev-parse --show-toplevel [2ms]
2024-08-18 20:13:07.683 [info] fatal: not a git repository (or any of the parent directories): .git
2024-08-18 20:16:38.160 [info] > git rev-parse --show-toplevel [2ms]
2024-08-18 20:16:38.160 [info] fatal: not a git repository (or any of the parent directories): .git
2024-08-18 20:16:58.053 [info] > git rev-parse --show-toplevel [2ms]
2024-08-18 20:16:58.053 [info] fatal: not a git repository (or any of the parent directories): .git
2024-08-18 20:20:04.252 [info] > git rev-parse --show-toplevel [2ms]
2024-08-18 20:20:04.252 [info] fatal: not a git repository (or any of the parent directories): .git
2024-08-18 20:20:08.818 [info] > git rev-parse --show-toplevel [2ms]
2024-08-18 20:20:08.819 [info] fatal: not a git repository (or any of the parent directories): .git
2024-08-18 20:21:07.402 [info] > git rev-parse --show-toplevel [1ms]
2024-08-18 20:21:07.402 [info] fatal: not a git repository (or any of the parent directories): .git
2024-08-18 20:21:07.575 [info] > git rev-parse --show-toplevel [2ms]
2024-08-18 20:21:07.575 [info] fatal: not a git repository (or any of the parent directories): .git
2024-08-18 20:21:09.765 [info] > git rev-parse --show-toplevel [2ms]
2024-08-18 20:21:09.765 [info] fatal: not a git repository (or any of the parent directories): .git
2024-08-18 20:23:12.014 [info] > git rev-parse --show-toplevel [2ms]
2024-08-18 20:23:12.014 [info] fatal: not a git repository (or any of the parent directories): .git
2024-08-18 20:23:32.715 [info] > git rev-parse --show-toplevel [2ms]
2024-08-18 20:23:32.715 [info] fatal: not a git repository (or any of the parent directories): .git
2024-08-18 20:23:49.412 [info] > git rev-parse --show-toplevel [2ms]
2024-08-18 20:23:49.412 [info] fatal: not a git repository (or any of the parent directories): .git
2024-08-18 20:24:28.758 [info] > git rev-parse --show-toplevel [2ms]
2024-08-18 20:24:28.758 [info] fatal: not a git repository (or any of the parent directories): .git
2024-08-18 20:24:34.074 [info] > git rev-parse --show-toplevel [2ms]
2024-08-18 20:24:34.074 [info] fatal: not a git repository (or any of the parent directories): .git
2024-08-18 20:24:35.432 [info] > git rev-parse --show-toplevel [2ms]
2024-08-18 20:24:35.432 [info] fatal: not a git repository (or any of the parent directories): .git
2024-08-18 20:25:57.659 [info] > git rev-parse --show-toplevel [3ms]
2024-08-18 20:25:57.659 [info] fatal: not a git repository (or any of the parent directories): .git
2024-08-18 20:25:58.386 [info] > git rev-parse --show-toplevel [2ms]
2024-08-18 20:25:58.386 [info] fatal: not a git repository (or any of the parent directories): .git
2024-08-18 20:25:59.272 [info] > git rev-parse --show-toplevel [2ms]
2024-08-18 20:25:59.273 [info] fatal: not a git repository (or any of the parent directories): .git
2024-08-18 20:26:06.238 [info] > git rev-parse --show-toplevel [3ms]
2024-08-18 20:26:06.238 [info] fatal: not a git repository (or any of the parent directories): .git
2024-08-18 20:26:09.893 [info] > git rev-parse --show-toplevel [2ms]
2024-08-18 20:26:09.893 [info] fatal: not a git repository (or any of the parent directories): .git
2024-08-18 20:26:46.168 [info] > git rev-parse --show-toplevel [2ms]
2024-08-18 20:26:46.168 [info] fatal: not a git repository (or any of the parent directories): .git
2024-08-18 20:26:47.470 [info] > git rev-parse --show-toplevel [3ms]
2024-08-18 20:26:47.470 [info] fatal: not a git repository (or any of the parent directories): .git
2024-08-18 20:26:47.911 [info] > git rev-parse --show-toplevel [2ms]
2024-08-18 20:26:47.911 [info] fatal: not a git repository (or any of the parent directories): .git
2024-08-18 20:26:48.668 [info] > git rev-parse --show-toplevel [2ms]
2024-08-18 20:26:48.668 [info] fatal: not a git repository (or any of the parent directories): .git
2024-08-18 20:26:56.807 [info] > git rev-parse --show-toplevel [2ms]
2024-08-18 20:26:56.807 [info] fatal: not a git repository (or any of the parent directories): .git
2024-08-18 20:28:31.195 [info] > git rev-parse --show-toplevel [2ms]
2024-08-18 20:28:31.195 [info] fatal: not a git repository (or any of the parent directories): .git
2024-08-18 20:28:52.393 [info] > git rev-parse --show-toplevel [3ms]
2024-08-18 20:28:52.393 [info] fatal: not a git repository (or any of the parent directories): .git
2024-08-18 20:29:53.955 [info] > git rev-parse --show-toplevel [2ms]
2024-08-18 20:29:53.955 [info] fatal: not a git repository (or any of the parent directories): .git
2024-08-18 20:30:10.616 [info] > git rev-parse --show-toplevel [2ms]
2024-08-18 20:30:10.616 [info] fatal: not a git repository (or any of the parent directories): .git
2024-08-18 20:31:32.195 [info] > git rev-parse --show-toplevel [2ms]
2024-08-18 20:31:32.195 [info] fatal: not a git repository (or any of the parent directories): .git
2024-08-18 20:31:41.294 [info] > git rev-parse --show-toplevel [2ms]
2024-08-18 20:31:41.294 [info] fatal: not a git repository (or any of the parent directories): .git
2024-08-18 20:31:55.124 [info] > git rev-parse --show-toplevel [2ms]
2024-08-18 20:31:55.124 [info] fatal: not a git repository (or any of the parent directories): .git
2024-08-18 20:32:06.906 [info] > git rev-parse --show-toplevel [2ms]
2024-08-18 20:32:06.906 [info] fatal: not a git repository (or any of the parent directories): .git
2024-08-18 20:32:22.358 [info] > git rev-parse --show-toplevel [3ms]
2024-08-18 20:32:22.358 [info] fatal: not a git repository (or any of the parent directories): .git
2024-08-18 20:32:40.935 [info] > git rev-parse --show-toplevel [1ms]
2024-08-18 20:32:40.935 [info] fatal: not a git repository (or any of the parent directories): .git
2024-08-18 20:32:44.334 [info] > git rev-parse --show-toplevel [2ms]
2024-08-18 20:32:44.334 [info] fatal: not a git repository (or any of the parent directories): .git
2024-08-18 20:32:55.565 [info] > git rev-parse --show-toplevel [2ms]
2024-08-18 20:32:55.565 [info] fatal: not a git repository (or any of the parent directories): .git
2024-08-18 20:33:07.691 [info] > git rev-parse --show-toplevel [2ms]
2024-08-18 20:33:07.691 [info] fatal: not a git repository (or any of the parent directories): .git
2024-08-18 20:33:14.023 [info] > git rev-parse --show-toplevel [2ms]
2024-08-18 20:33:14.023 [info] fatal: not a git repository (or any of the parent directories): .git
2024-08-18 20:33:52.071 [info] > git rev-parse --show-toplevel [2ms]
2024-08-18 20:33:52.071 [info] fatal: not a git repository (or any of the parent directories): .git
2024-08-18 20:33:53.876 [info] > git rev-parse --show-toplevel [1ms]
2024-08-18 20:33:53.876 [info] fatal: not a git repository (or any of the parent directories): .git
2024-08-18 20:34:03.808 [info] > git rev-parse --show-toplevel [2ms]
2024-08-18 20:34:03.808 [info] fatal: not a git repository (or any of the parent directories): .git
2024-08-18 20:34:04.189 [info] > git rev-parse --show-toplevel [2ms]
2024-08-18 20:34:04.189 [info] fatal: not a git repository (or any of the parent directories): .git
2024-08-18 20:34:04.356 [info] > git rev-parse --show-toplevel [2ms]
2024-08-18 20:34:04.356 [info] fatal: not a git repository (or any of the parent directories): .git
2024-08-18 20:34:04.534 [info] > git rev-parse --show-toplevel [2ms]
2024-08-18 20:34:04.534 [info] fatal: not a git repository (or any of the parent directories): .git
2024-08-18 20:34:53.403 [info] > git rev-parse --show-toplevel [1ms]
2024-08-18 20:34:53.404 [info] fatal: not a git repository (or any of the parent directories): .git
2024-08-18 20:35:18.025 [info] > git rev-parse --show-toplevel [1ms]
2024-08-18 20:35:18.025 [info] fatal: not a git repository (or any of the parent directories): .git
2024-08-18 20:36:04.627 [info] > git rev-parse --show-toplevel [1ms]
2024-08-18 20:36:04.627 [info] fatal: not a git repository (or any of the parent directories): .git
2024-08-18 20:37:57.477 [info] > git rev-parse --show-toplevel [1ms]
2024-08-18 20:37:57.477 [info] fatal: not a git repository (or any of the parent directories): .git
2024-08-18 20:38:41.446 [info] > git rev-parse --show-toplevel [2ms]
2024-08-18 20:38:41.446 [info] fatal: not a git repository (or any of the parent directories): .git
2024-08-18 20:38:44.660 [info] > git rev-parse --show-toplevel [2ms]
2024-08-18 20:38:44.660 [info] fatal: not a git repository (or any of the parent directories): .git
2024-08-18 20:38:45.329 [info] > git rev-parse --show-toplevel [1ms]
2024-08-18 20:38:45.329 [info] fatal: not a git repository (or any of the parent directories): .git
2024-08-18 20:38:47.347 [info] > git rev-parse --show-toplevel [1ms]
2024-08-18 20:38:47.347 [info] fatal: not a git repository (or any of the parent directories): .git
2024-08-18 20:38:50.619 [info] > git rev-parse --show-toplevel [1ms]
2024-08-18 20:38:50.619 [info] fatal: not a git repository (or any of the parent directories): .git
2024-08-18 20:40:12.534 [info] > git rev-parse --show-toplevel [1ms]
2024-08-18 20:40:12.534 [info] fatal: not a git repository (or any of the parent directories): .git
2024-08-18 20:40:15.656 [info] > git rev-parse --show-toplevel [1ms]
2024-08-18 20:40:15.656 [info] fatal: not a git repository (or any of the parent directories): .git
2024-08-18 20:40:16.340 [info] > git rev-parse --show-toplevel [1ms]
2024-08-18 20:40:16.340 [info] fatal: not a git repository (or any of the parent directories): .git
2024-08-18 20:40:43.419 [info] > git rev-parse --show-toplevel [1ms]
2024-08-18 20:40:43.419 [info] fatal: not a git repository (or any of the parent directories): .git
2024-08-18 20:41:22.981 [info] > git rev-parse --show-toplevel [1ms]
2024-08-18 20:41:22.981 [info] fatal: not a git repository (or any of the parent directories): .git
2024-08-18 20:43:08.253 [info] > git rev-parse --show-toplevel [1ms]
2024-08-18 20:43:08.253 [info] fatal: not a git repository (or any of the parent directories): .git
2024-08-18 20:43:58.524 [info] > git rev-parse --show-toplevel [1ms]
2024-08-18 20:43:58.524 [info] fatal: not a git repository (or any of the parent directories): .git
2024-08-18 20:44:01.805 [info] > git rev-parse --show-toplevel [1ms]
2024-08-18 20:44:01.805 [info] fatal: not a git repository (or any of the parent directories): .git
2024-08-18 20:44:03.426 [info] > git rev-parse --show-toplevel [1ms]
2024-08-18 20:44:03.426 [info] fatal: not a git repository (or any of the parent directories): .git
2024-08-18 20:44:07.958 [info] > git rev-parse --show-toplevel [1ms]
2024-08-18 20:44:07.958 [info] fatal: not a git repository (or any of the parent directories): .git
2024-08-18 20:44:20.812 [info] > git rev-parse --show-toplevel [1ms]
2024-08-18 20:44:20.812 [info] fatal: not a git repository (or any of the parent directories): .git
2024-08-18 20:45:11.742 [info] > git rev-parse --show-toplevel [1ms]
2024-08-18 20:45:11.742 [info] fatal: not a git repository (or any of the parent directories): .git
2024-08-18 20:45:13.835 [info] > git rev-parse --show-toplevel [1ms]
2024-08-18 20:45:13.835 [info] fatal: not a git repository (or any of the parent directories): .git
2024-08-18 20:45:41.711 [info] > git rev-parse --show-toplevel [1ms]
2024-08-18 20:45:41.711 [info] fatal: not a git repository (or any of the parent directories): .git
2024-08-18 20:45:48.156 [info] > git rev-parse --show-toplevel [2ms]
2024-08-18 20:45:48.156 [info] fatal: not a git repository (or any of the parent directories): .git
2024-08-18 20:46:25.024 [info] > git rev-parse --show-toplevel [1ms]
2024-08-18 20:46:25.024 [info] fatal: not a git repository (or any of the parent directories): .git
2024-08-18 20:46:27.767 [info] > git rev-parse --show-toplevel [1ms]
2024-08-18 20:46:27.767 [info] fatal: not a git repository (or any of the parent directories): .git
2024-08-18 20:46:28.417 [info] > git rev-parse --show-toplevel [1ms]
2024-08-18 20:46:28.417 [info] fatal: not a git repository (or any of the parent directories): .git
2024-08-18 20:46:35.214 [info] > git rev-parse --show-toplevel [1ms]
2024-08-18 20:46:35.214 [info] fatal: not a git repository (or any of the parent directories): .git
2024-08-18 20:46:35.900 [info] > git rev-parse --show-toplevel [1ms]
2024-08-18 20:46:35.900 [info] fatal: not a git repository (or any of the parent directories): .git
2024-08-18 20:46:50.693 [info] > git rev-parse --show-toplevel [1ms]
2024-08-18 20:46:50.693 [info] fatal: not a git repository (or any of the parent directories): .git
2024-08-18 20:46:52.383 [info] > git rev-parse --show-toplevel [1ms]
2024-08-18 20:46:52.383 [info] fatal: not a git repository (or any of the parent directories): .git
2024-08-18 20:46:54.150 [info] > git rev-parse --show-toplevel [1ms]
2024-08-18 20:46:54.150 [info] fatal: not a git repository (or any of the parent directories): .git
2024-08-18 20:46:59.468 [info] > git rev-parse --show-toplevel [1ms]
2024-08-18 20:46:59.468 [info] fatal: not a git repository (or any of the parent directories): .git
2024-08-18 20:48:06.985 [info] > git rev-parse --show-toplevel [1ms]
2024-08-18 20:48:06.985 [info] fatal: not a git repository (or any of the parent directories): .git
2024-08-18 20:48:32.568 [info] > git rev-parse --show-toplevel [1ms]
2024-08-18 20:48:32.568 [info] fatal: not a git repository (or any of the parent directories): .git
2024-08-18 20:48:33.932 [info] > git rev-parse --show-toplevel [1ms]
2024-08-18 20:48:33.932 [info] fatal: not a git repository (or any of the parent directories): .git
2024-08-18 20:49:49.393 [info] > git rev-parse --show-toplevel [2ms]
2024-08-18 20:49:49.393 [info] fatal: not a git repository (or any of the parent directories): .git
2024-08-18 20:50:10.200 [info] > git rev-parse --show-toplevel [2ms]
2024-08-18 20:50:10.200 [info] fatal: not a git repository (or any of the parent directories): .git
2024-08-18 20:50:10.909 [info] > git rev-parse --show-toplevel [2ms]
2024-08-18 20:50:10.909 [info] fatal: not a git repository (or any of the parent directories): .git
2024-08-18 20:50:12.339 [info] > git rev-parse --show-toplevel [2ms]
2024-08-18 20:50:12.339 [info] fatal: not a git repository (or any of the parent directories): .git
2024-08-18 20:50:12.906 [info] > git rev-parse --show-toplevel [2ms]
2024-08-18 20:50:12.906 [info] fatal: not a git repository (or any of the parent directories): .git
2024-08-18 20:50:16.427 [info] > git rev-parse --show-toplevel [2ms]
2024-08-18 20:50:16.427 [info] fatal: not a git repository (or any of the parent directories): .git
2024-08-18 20:50:25.765 [info] > git rev-parse --show-toplevel [2ms]
2024-08-18 20:50:25.765 [info] fatal: not a git repository (or any of the parent directories): .git
2024-08-18 20:52:52.841 [info] > git rev-parse --show-toplevel [1ms]
2024-08-18 20:52:52.841 [info] fatal: not a git repository (or any of the parent directories): .git
2024-08-18 20:53:56.956 [info] > git rev-parse --show-toplevel [2ms]
2024-08-18 20:53:56.956 [info] fatal: not a git repository (or any of the parent directories): .git
2024-08-18 20:54:00.839 [info] > git rev-parse --show-toplevel [2ms]
2024-08-18 20:54:00.839 [info] fatal: not a git repository (or any of the parent directories): .git
2024-08-18 20:54:03.408 [info] > git rev-parse --show-toplevel [2ms]
2024-08-18 20:54:03.409 [info] fatal: not a git repository (or any of the parent directories): .git
2024-08-18 20:54:04.365 [info] > git rev-parse --show-toplevel [2ms]
2024-08-18 20:54:04.365 [info] fatal: not a git repository (or any of the parent directories): .git
2024-08-18 20:54:05.065 [info] > git rev-parse --show-toplevel [2ms]
2024-08-18 20:54:05.065 [info] fatal: not a git repository (or any of the parent directories): .git
2024-08-18 20:54:06.921 [info] > git rev-parse --show-toplevel [2ms]
2024-08-18 20:54:06.921 [info] fatal: not a git repository (or any of the parent directories): .git
2024-08-18 20:55:59.313 [info] > git rev-parse --show-toplevel [2ms]
2024-08-18 20:55:59.313 [info] fatal: not a git repository (or any of the parent directories): .git
2024-08-18 20:56:00.192 [info] > git rev-parse --show-toplevel [2ms]
2024-08-18 20:56:00.192 [info] fatal: not a git repository (or any of the parent directories): .git
2024-08-18 20:56:00.371 [info] > git rev-parse --show-toplevel [2ms]
2024-08-18 20:56:00.371 [info] fatal: not a git repository (or any of the parent directories): .git
2024-08-18 20:56:05.560 [info] > git rev-parse --show-toplevel [2ms]
2024-08-18 20:56:05.560 [info] fatal: not a git repository (or any of the parent directories): .git
2024-08-18 20:56:06.293 [info] > git rev-parse --show-toplevel [2ms]
2024-08-18 20:56:06.293 [info] fatal: not a git repository (or any of the parent directories): .git
2024-08-18 20:58:21.125 [info] > git rev-parse --show-toplevel [3ms]
2024-08-18 20:58:21.125 [info] fatal: not a git repository (or any of the parent directories): .git
2024-08-18 20:58:22.260 [info] > git rev-parse --show-toplevel [2ms]
2024-08-18 20:58:22.261 [info] fatal: not a git repository (or any of the parent directories): .git
2024-08-18 20:58:22.754 [info] > git rev-parse --show-toplevel [2ms]
2024-08-18 20:58:22.754 [info] fatal: not a git repository (or any of the parent directories): .git
2024-08-18 20:58:28.367 [info] > git rev-parse --show-toplevel [2ms]
2024-08-18 20:58:28.367 [info] fatal: not a git repository (or any of the parent directories): .git
2024-08-18 20:58:29.162 [info] > git rev-parse --show-toplevel [2ms]
2024-08-18 20:58:29.162 [info] fatal: not a git repository (or any of the parent directories): .git
2024-08-18 20:58:32.861 [info] > git rev-parse --show-toplevel [2ms]
2024-08-18 20:58:32.861 [info] fatal: not a git repository (or any of the parent directories): .git
2024-08-18 20:58:33.322 [info] > git rev-parse --show-toplevel [2ms]
2024-08-18 20:58:33.323 [info] fatal: not a git repository (or any of the parent directories): .git
2024-08-18 20:58:33.797 [info] > git rev-parse --show-toplevel [1ms]
2024-08-18 20:58:33.797 [info] fatal: not a git repository (or any of the parent directories): .git
2024-08-18 20:58:34.568 [info] > git rev-parse --show-toplevel [2ms]
2024-08-18 20:58:34.568 [info] fatal: not a git repository (or any of the parent directories): .git
2024-08-18 21:00:50.507 [info] > git rev-parse --show-toplevel [2ms]
2024-08-18 21:00:50.507 [info] fatal: not a git repository (or any of the parent directories): .git
