2024-08-17 20:15:39.003 [info] Added views:workbench.panel.markers.view in workbench.panel.markers
2024-08-17 20:15:39.003 [info] Added views:workbench.panel.output in workbench.panel.output
2024-08-17 20:15:39.003 [info] Added views:terminal in terminal
2024-08-17 20:15:39.003 [info] Added views:outline in workbench.view.explorer
2024-08-17 20:15:39.003 [info] Added views:workbench.scm in workbench.view.scm
2024-08-17 20:15:39.003 [info] Added views:workbench.view.search in workbench.view.search
2024-08-17 20:15:39.003 [info] Added views:timeline in workbench.view.explorer
2024-08-17 20:15:39.003 [info] Added views:workbench.explorer.emptyView in workbench.view.explorer
2024-08-17 20:15:39.787 [info] Added views:workbench.debug.variablesView,workbench.debug.watchExpressionsView,workbench.debug.callStackView,workbench.debug.breakPointsView in workbench.view.debug
2024-08-17 20:15:39.853 [info] Added views:workbench.panel.repl.view in workbench.panel.repl
2024-08-17 20:15:39.854 [info] Removed views:workbench.debug.breakPointsView,workbench.debug.callStackView,workbench.debug.watchExpressionsView,workbench.debug.variablesView from workbench.view.debug
2024-08-17 20:15:39.855 [info] Added views:workbench.debug.welcome in workbench.view.debug
2024-08-17 20:15:40.074 [info] Added views:~remote.forwardedPorts in ~remote.forwardedPortsContainer
2024-08-17 20:15:46.061 [info] Added views:workbench.views.extensions.installed,workbench.views.extensions.popular,extensions.recommendedList in workbench.view.extensions
2024-08-17 20:15:46.063 [info] Removed views:workbench.views.extensions.popular from workbench.view.extensions
2024-08-17 20:15:46.410 [info] Added views:workbench.views.extensions.popular in workbench.view.extensions
2024-08-17 20:15:46.751 [info] Removed views:extensions.recommendedList,workbench.views.extensions.popular,workbench.views.extensions.installed from workbench.view.extensions
2024-08-17 20:15:46.761 [info] Added views:workbench.views.extensions.marketplace in workbench.view.extensions
2024-08-17 20:15:59.571 [info] Removed views:workbench.views.extensions.marketplace from workbench.view.extensions
2024-08-17 20:15:59.589 [info] Added views:workbench.views.extensions.installed,workbench.views.extensions.popular,extensions.recommendedList in workbench.view.extensions
2024-08-17 20:16:06.861 [info] Removed views:extensions.recommendedList from workbench.view.extensions
2024-08-17 20:17:35.784 [info] Added views:workbench.panel.markers.view in workbench.panel.markers
2024-08-17 20:17:35.784 [info] Added views:workbench.panel.output in workbench.panel.output
2024-08-17 20:17:35.784 [info] Added views:terminal in terminal
2024-08-17 20:17:35.785 [info] Added views:outline in workbench.view.explorer
2024-08-17 20:17:35.785 [info] Added views:workbench.scm in workbench.view.scm
2024-08-17 20:17:35.785 [info] Added views:workbench.view.search in workbench.view.search
2024-08-17 20:17:35.785 [info] Added views:timeline in workbench.view.explorer
2024-08-17 20:17:35.785 [info] Added views:workbench.explorer.fileView in workbench.view.explorer
2024-08-17 20:17:36.538 [info] Added views:workbench.debug.variablesView,workbench.debug.watchExpressionsView,workbench.debug.callStackView,workbench.debug.breakPointsView in workbench.view.debug
2024-08-17 20:17:36.599 [info] Added views:workbench.panel.repl.view in workbench.panel.repl
2024-08-17 20:17:36.602 [info] Removed views:workbench.debug.breakPointsView,workbench.debug.callStackView,workbench.debug.watchExpressionsView,workbench.debug.variablesView from workbench.view.debug
2024-08-17 20:17:36.603 [info] Added views:workbench.debug.welcome in workbench.view.debug
2024-08-17 20:17:36.850 [info] Added views:~remote.forwardedPorts in ~remote.forwardedPortsContainer
2024-08-17 20:17:51.850 [info] Added views:workbench.views.extensions.installed,workbench.views.extensions.popular in workbench.view.extensions
2024-08-17 20:17:51.851 [info] Removed views:workbench.views.extensions.popular from workbench.view.extensions
2024-08-17 20:17:52.473 [info] Removed views:workbench.views.extensions.installed from workbench.view.extensions
2024-08-17 20:17:52.487 [info] Added views:workbench.views.extensions.workspaceRecommendations,workbench.views.extensions.otherRecommendations in workbench.view.extensions
2024-08-17 20:17:58.056 [info] Removed views:outline from workbench.view.explorer
2024-08-17 20:17:59.481 [info] Removed views:timeline from workbench.view.explorer
