[Vue Named Pipe Client] Connected: /tmp/vue-named-pipe-2.0.28-inferred-0 in 85ms
[Vue Named Pipe Client] Ready: /tmp/vue-named-pipe-2.0.28-inferred-0 in 95ms
[Vue Named Pipe Client] Connected: /tmp/vue-named-pipe-2.0.28-configured-0 in 5ms
[Vue Named Pipe Client] Ready: /tmp/vue-named-pipe-2.0.28-configured-0 in 223ms
[Vue Named Pipe Client] Connected: /tmp/vue-named-pipe-2.0.28-inferred-1 in 8ms
[Vue Named Pipe Client] Ready: /tmp/vue-named-pipe-2.0.28-inferred-1 in 135ms
[Vue Named Pipe Client] Connected: /tmp/vue-named-pipe-2.0.28-inferred-2 in 5ms
[Vue Named Pipe Client] Ready: /tmp/vue-named-pipe-2.0.28-inferred-2 in 12ms
[Vue Named Pipe Client] No server found for /home/kaj/desktop/chiro/website/src/views/home.vue
[Vue Named Pipe Client] Connected: /tmp/vue-named-pipe-2.0.28-configured-0 in 12ms
[Vue Named Pipe Client] Connected: /tmp/vue-named-pipe-2.0.28-inferred-0 in 13ms
[Vue Named Pipe Client] Connected: /tmp/vue-named-pipe-2.0.28-inferred-1 in 13ms
[Vue Named Pipe Client] Connected: /tmp/vue-named-pipe-2.0.28-inferred-2 in 13ms
[Vue Named Pipe Client] Ready: /tmp/vue-named-pipe-2.0.28-configured-0 in 13ms
[Vue Named Pipe Client] Ready: /tmp/vue-named-pipe-2.0.28-inferred-0 in 13ms
[Vue Named Pipe Client] Ready: /tmp/vue-named-pipe-2.0.28-inferred-1 in 13ms
[Vue Named Pipe Client] Ready: /tmp/vue-named-pipe-2.0.28-inferred-2 in 14ms
[Vue Named Pipe Client] Connected: /tmp/vue-named-pipe-2.0.28-inferred-3 in 4ms
[Vue Named Pipe Client] Ready: /tmp/vue-named-pipe-2.0.28-inferred-3 in 33ms
[Vue Named Pipe Client] Connected: /tmp/vue-named-pipe-2.0.28-inferred-3 in 4ms
[Vue Named Pipe Client] Ready: /tmp/vue-named-pipe-2.0.28-inferred-3 in 4ms
[Vue Named Pipe Client] Connected: /tmp/vue-named-pipe-2.0.28-inferred-4 in 5ms
[Vue Named Pipe Client] Ready: /tmp/vue-named-pipe-2.0.28-inferred-4 in 5ms
[Vue Named Pipe Client] Connected: /tmp/vue-named-pipe-2.0.28-inferred-4 in 8ms
[Vue Named Pipe Client] Ready: /tmp/vue-named-pipe-2.0.28-inferred-4 in 9ms
