[Vue Named Pipe Client] Deleting: /tmp/vue-named-pipe-2.0.28-configured-0
[Vue Named Pipe Client] Deleting: /tmp/vue-named-pipe-2.0.28-inferred-0
[Vue Named Pipe Client] Connected: /tmp/vue-named-pipe-2.0.28-inferred-0 in 6ms
[Vue Named Pipe Client] Ready: /tmp/vue-named-pipe-2.0.28-inferred-0 in 9ms
[Vue Named Pipe Client] Connected: /tmp/vue-named-pipe-2.0.28-configured-0 in 5ms
[Vue Named Pipe Client] Ready: /tmp/vue-named-pipe-2.0.28-configured-0 in 26ms
[Vue Named Pipe Client] Connected: /tmp/vue-named-pipe-2.0.28-inferred-1 in 7ms
[Vue Named Pipe Client] Ready: /tmp/vue-named-pipe-2.0.28-inferred-1 in 430ms
[Vue Named Pipe Client] No server found for /home/kaj/desktop/chiro/website/src/views/home.vue
[Vue Named Pipe Client] Connected: /tmp/vue-named-pipe-2.0.28-configured-0 in 15ms
[Vue Named Pipe Client] Connected: /tmp/vue-named-pipe-2.0.28-inferred-0 in 15ms
[Vue Named Pipe Client] Connected: /tmp/vue-named-pipe-2.0.28-inferred-1 in 15ms
[Vue Named Pipe Client] Ready: /tmp/vue-named-pipe-2.0.28-configured-0 in 15ms
[Vue Named Pipe Client] Ready: /tmp/vue-named-pipe-2.0.28-inferred-1 in 16ms
[Vue Named Pipe Client] Ready: /tmp/vue-named-pipe-2.0.28-inferred-0 in 16ms
[Vue Named Pipe Client] Connected: /tmp/vue-named-pipe-2.0.28-inferred-2 in 4ms
[Vue Named Pipe Client] Ready: /tmp/vue-named-pipe-2.0.28-inferred-2 in 4ms
[Vue Named Pipe Client] Connected: /tmp/vue-named-pipe-2.0.28-inferred-2 in 6ms
[Vue Named Pipe Client] Ready: /tmp/vue-named-pipe-2.0.28-inferred-2 in 7ms
[Vue Named Pipe Client] Connected: /tmp/vue-named-pipe-2.0.28-inferred-3 in 4ms
[Vue Named Pipe Client] Ready: /tmp/vue-named-pipe-2.0.28-inferred-3 in 138ms
[Vue Named Pipe Client] Connected: /tmp/vue-named-pipe-2.0.28-inferred-3 in 4ms
[Vue Named Pipe Client] Ready: /tmp/vue-named-pipe-2.0.28-inferred-3 in 5ms
[Vue Named Pipe Client] Connected: /tmp/vue-named-pipe-2.0.28-inferred-4 in 5ms
[Vue Named Pipe Client] Ready: /tmp/vue-named-pipe-2.0.28-inferred-4 in 5ms
[Vue Named Pipe Client] Connected: /tmp/vue-named-pipe-2.0.28-inferred-4 in 6ms
[Vue Named Pipe Client] Ready: /tmp/vue-named-pipe-2.0.28-inferred-4 in 7ms
[Vue Named Pipe Client] Connected: /tmp/vue-named-pipe-2.0.28-inferred-5 in 7ms
[Vue Named Pipe Client] Ready: /tmp/vue-named-pipe-2.0.28-inferred-5 in 8ms
