2024-08-17 20:15:39.502 [info] Started initializing default profile extensions in extensions installation folder. file:///home/kaj/.vscode-oss/extensions
2024-08-17 20:15:39.634 [warning] Failed to create default profile extensions manifest in extensions installation folder. file:///home/kaj/.vscode-oss/extensions Unable to create file 'vscode-userdata:/home/kaj/.vscode-oss/extensions/extensions.json' that already exists when overwrite flag is not set
2024-08-17 20:15:39.635 [info] Completed initializing default profile extensions in extensions installation folder. file:///home/kaj/.vscode-oss/extensions
2024-08-17 20:15:49.168 [info] Getting Manifest... ransh.ransh
2024-08-17 20:15:49.191 [info] Installing extension: ransh.ransh {"isMachineScoped":false,"installPreReleaseVersion":false,"pinned":false,"profileLocation":{"$mid":1,"external":"vscode-userdata:/home/kaj/.vscode-oss/extensions/extensions.json","path":"/home/kaj/.vscode-oss/extensions/extensions.json","scheme":"vscode-userdata"},"installOnlyNewlyAddedFromExtensionPack":true,"isApplicationScoped":false,"productVersion":{"version":"1.91.1","date":"2024-07-16T08:23:01.341Z"}}
2024-08-17 20:15:49.913 [error] Could not load vsce-sign module Cannot find module '@vscode/vsce-sign'
Require stack:
- /usr/lib/code-oss/resources/app/out/bootstrap-amd.js
- /usr/lib/code-oss/resources/app/out/bootstrap-fork.js
- 
2024-08-17 20:15:49.913 [info] Extension signature verification is not done: ransh.ransh
2024-08-17 20:15:50.766 [info] Extracted extension to file:///home/kaj/.vscode-oss/extensions/ransh.ransh-0.0.1: ransh.ransh
2024-08-17 20:15:50.781 [info] Renamed to /home/kaj/.vscode-oss/extensions/ransh.ransh-0.0.1
2024-08-17 20:15:50.810 [info] Extension installed successfully: ransh.ransh vscode-userdata:/home/kaj/.vscode-oss/extensions/extensions.json
2024-08-17 20:15:50.876 [error] [uncaught exception in sharedProcess]: Error: ENOENT: no such file or directory, stat '/home/kaj/.vscode-oss/extensions/extensions.json.vsctmp': EntryNotFound (FileSystemError): Error: ENOENT: no such file or directory, stat '/home/kaj/.vscode-oss/extensions/extensions.json.vsctmp'
    at h.create (/usr/lib/code-oss/resources/app/out/vs/code/node/sharedProcess/sharedProcessMain.js:54:19262)
    at f (/usr/lib/code-oss/resources/app/out/vs/code/node/sharedProcess/sharedProcessMain.js:54:19372)
    at P.hb (/usr/lib/code-oss/resources/app/out/vs/code/node/sharedProcess/sharedProcessMain.js:59:36571)
    at P.stat (/usr/lib/code-oss/resources/app/out/vs/code/node/sharedProcess/sharedProcessMain.js:59:28919)
    at async s.stat (/usr/lib/code-oss/resources/app/out/vs/code/node/sharedProcess/sharedProcessMain.js:59:14907)
    at async V.vb (/usr/lib/code-oss/resources/app/out/vs/code/node/sharedProcess/sharedProcessMain.js:105:119283)
2024-08-17 20:17:52.630 [info] Getting Manifest... vue.volar
2024-08-17 20:17:52.651 [info] Installing extension: vue.volar {"isMachineScoped":false,"profileLocation":{"$mid":1,"external":"vscode-userdata:/home/kaj/.vscode-oss/extensions/extensions.json","path":"/home/kaj/.vscode-oss/extensions/extensions.json","scheme":"vscode-userdata"},"installOnlyNewlyAddedFromExtensionPack":true,"isApplicationScoped":false,"productVersion":{"version":"1.91.1","date":"2024-07-16T08:23:01.341Z"}}
2024-08-17 20:17:53.070 [error] Could not load vsce-sign module Cannot find module '@vscode/vsce-sign'
Require stack:
- /usr/lib/code-oss/resources/app/out/bootstrap-amd.js
- /usr/lib/code-oss/resources/app/out/bootstrap-fork.js
- 
2024-08-17 20:17:53.070 [info] Extension signature verification is not done: vue.volar
2024-08-17 20:17:53.233 [info] Extracted extension to file:///home/kaj/.vscode-oss/extensions/vue.volar-2.0.28: vue.volar
2024-08-17 20:17:53.248 [info] Renamed to /home/kaj/.vscode-oss/extensions/vue.volar-2.0.28
2024-08-17 20:17:53.277 [info] Extension installed successfully: vue.volar vscode-userdata:/home/kaj/.vscode-oss/extensions/extensions.json
2024-08-17 20:17:53.340 [error] [uncaught exception in sharedProcess]: Error: ENOENT: no such file or directory, stat '/home/kaj/.vscode-oss/extensions/extensions.json.vsctmp': EntryNotFound (FileSystemError): Error: ENOENT: no such file or directory, stat '/home/kaj/.vscode-oss/extensions/extensions.json.vsctmp'
    at h.create (/usr/lib/code-oss/resources/app/out/vs/code/node/sharedProcess/sharedProcessMain.js:54:19262)
    at f (/usr/lib/code-oss/resources/app/out/vs/code/node/sharedProcess/sharedProcessMain.js:54:19372)
    at P.hb (/usr/lib/code-oss/resources/app/out/vs/code/node/sharedProcess/sharedProcessMain.js:59:36571)
    at P.stat (/usr/lib/code-oss/resources/app/out/vs/code/node/sharedProcess/sharedProcessMain.js:59:28919)
    at async s.stat (/usr/lib/code-oss/resources/app/out/vs/code/node/sharedProcess/sharedProcessMain.js:59:14907)
    at async V.vb (/usr/lib/code-oss/resources/app/out/vs/code/node/sharedProcess/sharedProcessMain.js:105:119283)
