2024-08-18 21:51:50.727 [info] Log level: Info
2024-08-18 21:51:50.727 [info] Validating found git in: "git"
2024-08-18 21:51:50.727 [info] Using git "2.46.0" from "git"
2024-08-18 21:51:50.727 [info] > git rev-parse --show-toplevel [8ms]
2024-08-18 21:51:50.727 [info] fatal: not a git repository (or any of the parent directories): .git
2024-08-18 21:51:50.727 [info] > git rev-parse --show-toplevel [64ms]
2024-08-18 21:51:50.727 [info] fatal: not a git repository (or any of the parent directories): .git
2024-08-18 21:51:50.727 [info] > git rev-parse --show-toplevel [10ms]
2024-08-18 21:51:50.727 [info] fatal: not a git repository (or any of the parent directories): .git
2024-08-18 21:51:50.748 [info] > git rev-parse --show-toplevel [10ms]
2024-08-18 21:51:50.748 [info] fatal: not a git repository (or any of the parent directories): .git
2024-08-18 21:51:50.765 [info] > git rev-parse --show-toplevel [2ms]
2024-08-18 21:51:50.765 [info] fatal: not a git repository (or any of the parent directories): .git
2024-08-18 21:51:50.941 [info] > git rev-parse --show-toplevel [4ms]
2024-08-18 21:51:50.941 [info] fatal: not a git repository (or any of the parent directories): .git
2024-08-18 21:52:20.541 [info] > git rev-parse --show-toplevel [9ms]
2024-08-18 21:52:20.541 [info] fatal: not a git repository (or any of the parent directories): .git
2024-08-18 21:52:26.052 [info] > git rev-parse --show-toplevel [8ms]
2024-08-18 21:52:26.052 [info] fatal: not a git repository (or any of the parent directories): .git
2024-08-18 21:53:57.670 [info] > git rev-parse --show-toplevel [5ms]
2024-08-18 21:53:57.670 [info] fatal: not a git repository (or any of the parent directories): .git
2024-08-18 21:53:58.230 [info] > git rev-parse --show-toplevel [6ms]
2024-08-18 21:53:58.230 [info] fatal: not a git repository (or any of the parent directories): .git
2024-08-18 21:53:59.816 [info] > git rev-parse --show-toplevel [10ms]
2024-08-18 21:53:59.816 [info] fatal: not a git repository (or any of the parent directories): .git
2024-08-18 21:54:13.850 [info] > git rev-parse --show-toplevel [9ms]
2024-08-18 21:54:13.851 [info] fatal: not a git repository (or any of the parent directories): .git
2024-08-18 21:54:39.977 [info] > git rev-parse --show-toplevel [8ms]
2024-08-18 21:54:39.977 [info] fatal: not a git repository (or any of the parent directories): .git
2024-08-18 21:54:44.552 [info] > git rev-parse --show-toplevel [10ms]
2024-08-18 21:54:44.552 [info] fatal: not a git repository (or any of the parent directories): .git
2024-08-18 21:55:07.741 [info] > git rev-parse --show-toplevel [9ms]
2024-08-18 21:55:07.741 [info] fatal: not a git repository (or any of the parent directories): .git
2024-08-18 21:55:12.708 [info] > git rev-parse --show-toplevel [6ms]
2024-08-18 21:55:12.708 [info] fatal: not a git repository (or any of the parent directories): .git
2024-08-18 21:55:35.736 [info] > git rev-parse --show-toplevel [6ms]
2024-08-18 21:55:35.736 [info] fatal: not a git repository (or any of the parent directories): .git
2024-08-18 21:56:22.189 [info] > git rev-parse --show-toplevel [7ms]
2024-08-18 21:56:22.189 [info] fatal: not a git repository (or any of the parent directories): .git
2024-08-18 21:56:59.035 [info] > git rev-parse --show-toplevel [3ms]
2024-08-18 21:56:59.035 [info] fatal: not a git repository (or any of the parent directories): .git
2024-08-18 21:57:01.658 [info] > git rev-parse --show-toplevel [9ms]
2024-08-18 21:57:01.658 [info] fatal: not a git repository (or any of the parent directories): .git
2024-08-18 21:57:50.157 [info] > git rev-parse --show-toplevel [9ms]
2024-08-18 21:57:50.157 [info] fatal: not a git repository (or any of the parent directories): .git
2024-08-18 21:58:03.947 [info] > git rev-parse --show-toplevel [8ms]
2024-08-18 21:58:03.947 [info] fatal: not a git repository (or any of the parent directories): .git
2024-08-18 21:59:16.785 [info] > git rev-parse --show-toplevel [7ms]
2024-08-18 21:59:16.786 [info] fatal: not a git repository (or any of the parent directories): .git
2024-08-18 21:59:18.630 [info] > git rev-parse --show-toplevel [6ms]
2024-08-18 21:59:18.630 [info] fatal: not a git repository (or any of the parent directories): .git
2024-08-18 21:59:41.399 [info] > git rev-parse --show-toplevel [6ms]
2024-08-18 21:59:41.399 [info] fatal: not a git repository (or any of the parent directories): .git
2024-08-18 21:59:52.049 [info] > git rev-parse --show-toplevel [5ms]
2024-08-18 21:59:52.049 [info] fatal: not a git repository (or any of the parent directories): .git
2024-08-18 21:59:57.829 [info] > git rev-parse --show-toplevel [6ms]
2024-08-18 21:59:57.829 [info] fatal: not a git repository (or any of the parent directories): .git
2024-08-18 21:59:58.972 [info] > git rev-parse --show-toplevel [5ms]
2024-08-18 21:59:58.972 [info] fatal: not a git repository (or any of the parent directories): .git
2024-08-18 22:00:24.727 [info] > git rev-parse --show-toplevel [6ms]
2024-08-18 22:00:24.728 [info] fatal: not a git repository (or any of the parent directories): .git
2024-08-18 22:00:57.639 [info] > git rev-parse --show-toplevel [6ms]
2024-08-18 22:00:57.639 [info] fatal: not a git repository (or any of the parent directories): .git
2024-08-18 22:03:07.940 [info] > git rev-parse --show-toplevel [6ms]
2024-08-18 22:03:07.940 [info] fatal: not a git repository (or any of the parent directories): .git
2024-08-18 22:03:49.063 [info] > git rev-parse --show-toplevel [7ms]
2024-08-18 22:03:49.063 [info] fatal: not a git repository (or any of the parent directories): .git
2024-08-18 22:04:12.037 [info] > git rev-parse --show-toplevel [2ms]
2024-08-18 22:04:12.037 [info] fatal: not a git repository (or any of the parent directories): .git
2024-08-18 22:04:12.634 [info] > git rev-parse --show-toplevel [5ms]
2024-08-18 22:04:12.634 [info] fatal: not a git repository (or any of the parent directories): .git
2024-08-18 22:04:15.685 [info] > git rev-parse --show-toplevel [5ms]
2024-08-18 22:04:15.685 [info] fatal: not a git repository (or any of the parent directories): .git
2024-08-18 22:05:13.968 [info] > git rev-parse --show-toplevel [9ms]
2024-08-18 22:05:13.968 [info] fatal: not a git repository (or any of the parent directories): .git
2024-08-18 22:05:27.811 [info] > git rev-parse --show-toplevel [8ms]
2024-08-18 22:05:27.811 [info] fatal: not a git repository (or any of the parent directories): .git
2024-08-18 22:05:31.287 [info] > git rev-parse --show-toplevel [7ms]
2024-08-18 22:05:31.287 [info] fatal: not a git repository (or any of the parent directories): .git
2024-08-18 22:05:32.308 [info] > git rev-parse --show-toplevel [7ms]
2024-08-18 22:05:32.308 [info] fatal: not a git repository (or any of the parent directories): .git
2024-08-18 22:05:39.325 [info] > git rev-parse --show-toplevel [7ms]
2024-08-18 22:05:39.325 [info] fatal: not a git repository (or any of the parent directories): .git
2024-08-18 22:05:40.439 [info] > git rev-parse --show-toplevel [7ms]
2024-08-18 22:05:40.439 [info] fatal: not a git repository (or any of the parent directories): .git
2024-08-18 22:05:41.326 [info] > git rev-parse --show-toplevel [8ms]
2024-08-18 22:05:41.326 [info] fatal: not a git repository (or any of the parent directories): .git
2024-08-18 22:05:43.803 [info] > git rev-parse --show-toplevel [8ms]
2024-08-18 22:05:43.803 [info] fatal: not a git repository (or any of the parent directories): .git
2024-08-18 22:05:46.690 [info] > git rev-parse --show-toplevel [10ms]
2024-08-18 22:05:46.690 [info] fatal: not a git repository (or any of the parent directories): .git
2024-08-18 22:05:48.166 [info] > git rev-parse --show-toplevel [8ms]
2024-08-18 22:05:48.166 [info] fatal: not a git repository (or any of the parent directories): .git
2024-08-18 22:05:53.225 [info] > git rev-parse --show-toplevel [7ms]
2024-08-18 22:05:53.225 [info] fatal: not a git repository (or any of the parent directories): .git
2024-08-18 22:05:56.495 [info] > git rev-parse --show-toplevel [7ms]
2024-08-18 22:05:56.495 [info] fatal: not a git repository (or any of the parent directories): .git
2024-08-18 22:05:58.447 [info] > git rev-parse --show-toplevel [7ms]
2024-08-18 22:05:58.447 [info] fatal: not a git repository (or any of the parent directories): .git
2024-08-18 22:06:44.718 [info] > git rev-parse --show-toplevel [7ms]
2024-08-18 22:06:44.718 [info] fatal: not a git repository (or any of the parent directories): .git
2024-08-18 22:06:47.531 [info] > git rev-parse --show-toplevel [6ms]
2024-08-18 22:06:47.531 [info] fatal: not a git repository (or any of the parent directories): .git
2024-08-18 22:06:52.191 [info] > git rev-parse --show-toplevel [6ms]
2024-08-18 22:06:52.191 [info] fatal: not a git repository (or any of the parent directories): .git
2024-08-18 22:06:53.614 [info] > git rev-parse --show-toplevel [9ms]
2024-08-18 22:06:53.614 [info] fatal: not a git repository (or any of the parent directories): .git
2024-08-18 22:06:54.422 [info] > git rev-parse --show-toplevel [10ms]
2024-08-18 22:06:54.422 [info] fatal: not a git repository (or any of the parent directories): .git
2024-08-18 22:06:55.085 [info] > git rev-parse --show-toplevel [8ms]
2024-08-18 22:06:55.085 [info] fatal: not a git repository (or any of the parent directories): .git
2024-08-18 22:06:55.748 [info] > git rev-parse --show-toplevel [8ms]
2024-08-18 22:06:55.748 [info] fatal: not a git repository (or any of the parent directories): .git
2024-08-18 22:06:56.466 [info] > git rev-parse --show-toplevel [7ms]
2024-08-18 22:06:56.466 [info] fatal: not a git repository (or any of the parent directories): .git
2024-08-18 22:06:57.759 [info] > git rev-parse --show-toplevel [6ms]
2024-08-18 22:06:57.759 [info] fatal: not a git repository (or any of the parent directories): .git
2024-08-18 22:06:58.577 [info] > git rev-parse --show-toplevel [8ms]
2024-08-18 22:06:58.577 [info] fatal: not a git repository (or any of the parent directories): .git
2024-08-18 22:07:14.731 [info] > git rev-parse --show-toplevel [6ms]
2024-08-18 22:07:14.732 [info] fatal: not a git repository (or any of the parent directories): .git
2024-08-18 22:07:23.644 [info] > git rev-parse --show-toplevel [7ms]
2024-08-18 22:07:23.644 [info] fatal: not a git repository (or any of the parent directories): .git
2024-08-18 22:07:25.358 [info] > git rev-parse --show-toplevel [9ms]
2024-08-18 22:07:25.358 [info] fatal: not a git repository (or any of the parent directories): .git
2024-08-18 22:07:26.455 [info] > git rev-parse --show-toplevel [8ms]
2024-08-18 22:07:26.455 [info] fatal: not a git repository (or any of the parent directories): .git
2024-08-18 22:07:27.425 [info] > git rev-parse --show-toplevel [8ms]
2024-08-18 22:07:27.425 [info] fatal: not a git repository (or any of the parent directories): .git
2024-08-18 22:07:28.448 [info] > git rev-parse --show-toplevel [7ms]
2024-08-18 22:07:28.448 [info] fatal: not a git repository (or any of the parent directories): .git
2024-08-18 22:07:30.081 [info] > git rev-parse --show-toplevel [6ms]
2024-08-18 22:07:30.081 [info] fatal: not a git repository (or any of the parent directories): .git
2024-08-18 22:07:30.646 [info] > git rev-parse --show-toplevel [8ms]
2024-08-18 22:07:30.646 [info] fatal: not a git repository (or any of the parent directories): .git
2024-08-18 22:16:02.800 [info] > git rev-parse --show-toplevel [4ms]
2024-08-18 22:16:02.800 [info] fatal: not a git repository (or any of the parent directories): .git
2024-08-18 22:16:49.552 [info] > git rev-parse --show-toplevel [7ms]
2024-08-18 22:16:49.552 [info] fatal: not a git repository (or any of the parent directories): .git
2024-08-18 22:17:13.180 [info] > git rev-parse --show-toplevel [3ms]
2024-08-18 22:17:13.180 [info] fatal: not a git repository (or any of the parent directories): .git
2024-08-18 22:17:39.437 [info] > git rev-parse --show-toplevel [7ms]
2024-08-18 22:17:39.437 [info] fatal: not a git repository (or any of the parent directories): .git
2024-08-18 22:17:41.188 [info] > git rev-parse --show-toplevel [5ms]
2024-08-18 22:17:41.188 [info] fatal: not a git repository (or any of the parent directories): .git
2024-08-18 22:17:53.375 [info] > git rev-parse --show-toplevel [8ms]
2024-08-18 22:17:53.375 [info] fatal: not a git repository (or any of the parent directories): .git
2024-08-18 22:21:45.254 [info] > git rev-parse --show-toplevel [4ms]
2024-08-18 22:21:45.254 [info] fatal: not a git repository (or any of the parent directories): .git
2024-08-18 22:21:48.713 [info] > git rev-parse --show-toplevel [8ms]
2024-08-18 22:21:48.714 [info] fatal: not a git repository (or any of the parent directories): .git
2024-08-18 22:22:08.681 [info] > git rev-parse --show-toplevel [6ms]
2024-08-18 22:22:08.681 [info] fatal: not a git repository (or any of the parent directories): .git
2024-08-18 22:22:17.129 [info] > git rev-parse --show-toplevel [7ms]
2024-08-18 22:22:17.129 [info] fatal: not a git repository (or any of the parent directories): .git
2024-08-18 22:22:18.721 [info] > git rev-parse --show-toplevel [3ms]
2024-08-18 22:22:18.722 [info] fatal: not a git repository (or any of the parent directories): .git
2024-08-18 22:22:28.041 [info] > git rev-parse --show-toplevel [3ms]
2024-08-18 22:22:28.041 [info] fatal: not a git repository (or any of the parent directories): .git
2024-08-18 22:22:30.299 [info] > git rev-parse --show-toplevel [6ms]
2024-08-18 22:22:30.299 [info] fatal: not a git repository (or any of the parent directories): .git
2024-08-18 22:22:47.812 [info] > git rev-parse --show-toplevel [6ms]
2024-08-18 22:22:47.812 [info] fatal: not a git repository (or any of the parent directories): .git
2024-08-18 22:22:49.378 [info] > git rev-parse --show-toplevel [7ms]
2024-08-18 22:22:49.378 [info] fatal: not a git repository (or any of the parent directories): .git
2024-08-18 22:22:50.306 [info] > git rev-parse --show-toplevel [3ms]
2024-08-18 22:22:50.306 [info] fatal: not a git repository (or any of the parent directories): .git
2024-08-18 22:22:51.825 [info] > git rev-parse --show-toplevel [9ms]
2024-08-18 22:22:51.825 [info] fatal: not a git repository (or any of the parent directories): .git
2024-08-18 22:22:53.534 [info] > git rev-parse --show-toplevel [7ms]
2024-08-18 22:22:53.534 [info] fatal: not a git repository (or any of the parent directories): .git
2024-08-18 22:22:58.099 [info] > git rev-parse --show-toplevel [5ms]
2024-08-18 22:22:58.099 [info] fatal: not a git repository (or any of the parent directories): .git
2024-08-18 22:23:02.480 [info] > git rev-parse --show-toplevel [3ms]
2024-08-18 22:23:02.480 [info] fatal: not a git repository (or any of the parent directories): .git
2024-08-18 22:23:09.295 [info] > git rev-parse --show-toplevel [9ms]
2024-08-18 22:23:09.295 [info] fatal: not a git repository (or any of the parent directories): .git
2024-08-18 22:23:30.408 [info] > git rev-parse --show-toplevel [6ms]
2024-08-18 22:23:30.408 [info] fatal: not a git repository (or any of the parent directories): .git
2024-08-18 22:26:44.342 [info] > git rev-parse --show-toplevel [3ms]
2024-08-18 22:26:44.342 [info] fatal: not a git repository (or any of the parent directories): .git
2024-08-18 22:26:45.904 [info] > git rev-parse --show-toplevel [4ms]
2024-08-18 22:26:45.904 [info] fatal: not a git repository (or any of the parent directories): .git
2024-08-18 22:26:59.711 [info] > git rev-parse --show-toplevel [4ms]
2024-08-18 22:26:59.711 [info] fatal: not a git repository (or any of the parent directories): .git
2024-08-18 22:27:04.096 [info] > git rev-parse --show-toplevel [6ms]
2024-08-18 22:27:04.096 [info] fatal: not a git repository (or any of the parent directories): .git
2024-08-18 22:27:24.990 [info] > git rev-parse --show-toplevel [3ms]
2024-08-18 22:27:24.990 [info] fatal: not a git repository (or any of the parent directories): .git
2024-08-18 22:27:28.306 [info] > git rev-parse --show-toplevel [5ms]
2024-08-18 22:27:28.306 [info] fatal: not a git repository (or any of the parent directories): .git
2024-08-18 22:37:15.758 [info] > git rev-parse --show-toplevel [5ms]
2024-08-18 22:37:15.758 [info] fatal: not a git repository (or any of the parent directories): .git
2024-08-18 22:37:20.189 [info] > git rev-parse --show-toplevel [2ms]
2024-08-18 22:37:20.189 [info] fatal: not a git repository (or any of the parent directories): .git
2024-08-18 22:37:20.572 [info] > git rev-parse --show-toplevel [4ms]
2024-08-18 22:37:20.572 [info] fatal: not a git repository (or any of the parent directories): .git
2024-08-18 22:37:20.971 [info] > git rev-parse --show-toplevel [3ms]
2024-08-18 22:37:20.971 [info] fatal: not a git repository (or any of the parent directories): .git
2024-08-18 22:37:21.212 [info] > git rev-parse --show-toplevel [3ms]
2024-08-18 22:37:21.212 [info] fatal: not a git repository (or any of the parent directories): .git
2024-08-18 22:37:33.186 [info] > git rev-parse --show-toplevel [6ms]
2024-08-18 22:37:33.186 [info] fatal: not a git repository (or any of the parent directories): .git
2024-08-18 22:53:31.395 [info] > git rev-parse --show-toplevel [3ms]
2024-08-18 22:53:31.395 [info] fatal: not a git repository (or any of the parent directories): .git
2024-08-18 22:53:32.639 [info] > git rev-parse --show-toplevel [5ms]
2024-08-18 22:53:32.639 [info] fatal: not a git repository (or any of the parent directories): .git
2024-08-18 22:53:33.151 [info] > git rev-parse --show-toplevel [3ms]
2024-08-18 22:53:33.151 [info] fatal: not a git repository (or any of the parent directories): .git
2024-08-18 22:53:34.523 [info] > git rev-parse --show-toplevel [11ms]
2024-08-18 22:53:34.523 [info] fatal: not a git repository (or any of the parent directories): .git
2024-08-18 22:53:41.532 [info] > git rev-parse --show-toplevel [6ms]
2024-08-18 22:53:41.532 [info] fatal: not a git repository (or any of the parent directories): .git
2024-08-18 22:53:42.801 [info] > git rev-parse --show-toplevel [4ms]
2024-08-18 22:53:42.802 [info] fatal: not a git repository (or any of the parent directories): .git
2024-08-18 22:53:46.604 [info] > git rev-parse --show-toplevel [5ms]
2024-08-18 22:53:46.604 [info] fatal: not a git repository (or any of the parent directories): .git
2024-08-18 22:53:50.351 [info] > git rev-parse --show-toplevel [4ms]
2024-08-18 22:53:50.351 [info] fatal: not a git repository (or any of the parent directories): .git
2024-08-18 22:53:51.402 [info] > git rev-parse --show-toplevel [4ms]
2024-08-18 22:53:51.402 [info] fatal: not a git repository (or any of the parent directories): .git
2024-08-18 22:53:52.033 [info] > git rev-parse --show-toplevel [4ms]
2024-08-18 22:53:52.033 [info] fatal: not a git repository (or any of the parent directories): .git
2024-08-18 22:53:52.940 [info] > git rev-parse --show-toplevel [4ms]
2024-08-18 22:53:52.940 [info] fatal: not a git repository (or any of the parent directories): .git
2024-08-18 22:54:01.392 [info] > git rev-parse --show-toplevel [4ms]
2024-08-18 22:54:01.392 [info] fatal: not a git repository (or any of the parent directories): .git
2024-08-18 22:54:01.484 [info] > git rev-parse --show-toplevel [5ms]
2024-08-18 22:54:01.484 [info] fatal: not a git repository (or any of the parent directories): .git
2024-08-18 22:58:12.561 [info] > git rev-parse --show-toplevel [9ms]
2024-08-18 22:58:12.562 [info] fatal: not a git repository (or any of the parent directories): .git
2024-08-18 22:58:12.827 [info] > git rev-parse --show-toplevel [6ms]
2024-08-18 22:58:12.827 [info] fatal: not a git repository (or any of the parent directories): .git
2024-08-18 22:58:13.583 [info] > git rev-parse --show-toplevel [11ms]
2024-08-18 22:58:13.583 [info] fatal: not a git repository (or any of the parent directories): .git
2024-08-18 22:58:14.802 [info] > git rev-parse --show-toplevel [10ms]
2024-08-18 22:58:14.802 [info] fatal: not a git repository (or any of the parent directories): .git
2024-08-18 22:58:24.327 [info] > git rev-parse --show-toplevel [7ms]
2024-08-18 22:58:24.327 [info] fatal: not a git repository (or any of the parent directories): .git
2024-08-18 22:58:28.232 [info] > git rev-parse --show-toplevel [6ms]
2024-08-18 22:58:28.232 [info] fatal: not a git repository (or any of the parent directories): .git
2024-08-18 22:59:12.653 [info] > git rev-parse --show-toplevel [5ms]
2024-08-18 22:59:12.653 [info] fatal: not a git repository (or any of the parent directories): .git
2024-08-18 23:00:06.383 [info] > git rev-parse --show-toplevel [8ms]
2024-08-18 23:00:06.383 [info] fatal: not a git repository (or any of the parent directories): .git
2024-08-18 23:00:08.937 [info] > git rev-parse --show-toplevel [7ms]
2024-08-18 23:00:08.937 [info] fatal: not a git repository (or any of the parent directories): .git
2024-08-18 23:00:11.671 [info] > git rev-parse --show-toplevel [7ms]
2024-08-18 23:00:11.671 [info] fatal: not a git repository (or any of the parent directories): .git
2024-08-18 23:04:41.180 [info] > git rev-parse --show-toplevel [7ms]
2024-08-18 23:04:41.180 [info] fatal: not a git repository (or any of the parent directories): .git
