2024-08-17 20:15:40.138 [info] Log level: Info
2024-08-17 20:15:40.138 [info] Validating found git in: "git"
2024-08-17 20:15:40.138 [info] Using git "2.46.0" from "git"
2024-08-17 20:17:39.050 [info] Log level: Info
2024-08-17 20:17:39.050 [info] Validating found git in: "git"
2024-08-17 20:17:39.050 [info] Using git "2.46.0" from "git"
2024-08-17 20:17:39.050 [info] > git rev-parse --show-toplevel [11ms]
2024-08-17 20:17:39.050 [info] fatal: not a git repository (or any of the parent directories): .git
2024-08-17 20:17:39.063 [info] > git rev-parse --show-toplevel [2ms]
2024-08-17 20:17:39.063 [info] fatal: not a git repository (or any of the parent directories): .git
2024-08-17 20:17:39.075 [info] > git rev-parse --show-toplevel [2ms]
2024-08-17 20:17:39.075 [info] fatal: not a git repository (or any of the parent directories): .git
2024-08-17 20:17:39.087 [info] > git rev-parse --show-toplevel [2ms]
2024-08-17 20:17:39.087 [info] fatal: not a git repository (or any of the parent directories): .git
2024-08-17 20:17:53.333 [info] > git rev-parse --show-toplevel [3ms]
2024-08-17 20:17:53.333 [info] fatal: not a git repository (or any of the parent directories): .git
2024-08-17 20:18:02.300 [info] > git rev-parse --show-toplevel [2ms]
2024-08-17 20:18:02.301 [info] fatal: not a git repository (or any of the parent directories): .git
2024-08-17 20:18:04.576 [info] > git rev-parse --show-toplevel [2ms]
2024-08-17 20:18:04.576 [info] fatal: not a git repository (or any of the parent directories): .git
2024-08-17 20:18:11.311 [info] > git rev-parse --show-toplevel [3ms]
2024-08-17 20:18:11.311 [info] fatal: not a git repository (or any of the parent directories): .git
2024-08-17 20:18:15.714 [info] > git rev-parse --show-toplevel [2ms]
2024-08-17 20:18:15.714 [info] fatal: not a git repository (or any of the parent directories): .git
2024-08-17 20:18:27.011 [info] > git rev-parse --show-toplevel [3ms]
2024-08-17 20:18:27.011 [info] fatal: not a git repository (or any of the parent directories): .git
2024-08-17 20:18:28.002 [info] > git rev-parse --show-toplevel [9ms]
2024-08-17 20:18:28.003 [info] fatal: not a git repository (or any of the parent directories): .git
2024-08-17 20:40:17.719 [info] > git rev-parse --show-toplevel [2ms]
2024-08-17 20:40:17.720 [info] fatal: not a git repository (or any of the parent directories): .git
2024-08-17 20:40:17.912 [info] > git rev-parse --show-toplevel [5ms]
2024-08-17 20:40:17.912 [info] fatal: not a git repository (or any of the parent directories): .git
2024-08-17 20:40:21.957 [info] > git rev-parse --show-toplevel [6ms]
2024-08-17 20:40:21.957 [info] fatal: not a git repository (or any of the parent directories): .git
2024-08-17 20:40:27.765 [info] > git rev-parse --show-toplevel [3ms]
2024-08-17 20:40:27.765 [info] fatal: not a git repository (or any of the parent directories): .git
2024-08-17 20:40:28.948 [info] > git rev-parse --show-toplevel [4ms]
2024-08-17 20:40:28.948 [info] fatal: not a git repository (or any of the parent directories): .git
2024-08-17 20:40:29.211 [info] > git rev-parse --show-toplevel [7ms]
2024-08-17 20:40:29.211 [info] fatal: not a git repository (or any of the parent directories): .git
2024-08-17 20:40:41.616 [info] > git rev-parse --show-toplevel [7ms]
2024-08-17 20:40:41.616 [info] fatal: not a git repository (or any of the parent directories): .git
2024-08-17 20:40:42.540 [info] > git rev-parse --show-toplevel [3ms]
2024-08-17 20:40:42.540 [info] fatal: not a git repository (or any of the parent directories): .git
2024-08-17 20:40:45.745 [info] > git rev-parse --show-toplevel [5ms]
2024-08-17 20:40:45.745 [info] fatal: not a git repository (or any of the parent directories): .git
2024-08-17 20:40:49.531 [info] > git rev-parse --show-toplevel [5ms]
2024-08-17 20:40:49.531 [info] fatal: not a git repository (or any of the parent directories): .git
2024-08-17 20:41:02.829 [info] > git rev-parse --show-toplevel [2ms]
2024-08-17 20:41:02.829 [info] fatal: not a git repository (or any of the parent directories): .git
2024-08-17 20:41:04.315 [info] > git rev-parse --show-toplevel [5ms]
2024-08-17 20:41:04.315 [info] fatal: not a git repository (or any of the parent directories): .git
2024-08-17 20:41:04.885 [info] > git rev-parse --show-toplevel [3ms]
2024-08-17 20:41:04.885 [info] fatal: not a git repository (or any of the parent directories): .git
2024-08-17 20:41:10.293 [info] > git rev-parse --show-toplevel [2ms]
2024-08-17 20:41:10.293 [info] fatal: not a git repository (or any of the parent directories): .git
2024-08-17 20:41:11.387 [info] > git rev-parse --show-toplevel [4ms]
2024-08-17 20:41:11.387 [info] fatal: not a git repository (or any of the parent directories): .git
2024-08-17 20:41:15.675 [info] > git rev-parse --show-toplevel [2ms]
2024-08-17 20:41:15.675 [info] fatal: not a git repository (or any of the parent directories): .git
2024-08-17 20:41:18.980 [info] > git rev-parse --show-toplevel [8ms]
2024-08-17 20:41:18.980 [info] fatal: not a git repository (or any of the parent directories): .git
2024-08-17 20:41:20.631 [info] > git rev-parse --show-toplevel [5ms]
2024-08-17 20:41:20.631 [info] fatal: not a git repository (or any of the parent directories): .git
2024-08-17 20:41:25.014 [info] > git rev-parse --show-toplevel [7ms]
2024-08-17 20:41:25.014 [info] fatal: not a git repository (or any of the parent directories): .git
2024-08-17 20:41:32.220 [info] > git rev-parse --show-toplevel [5ms]
2024-08-17 20:41:32.220 [info] fatal: not a git repository (or any of the parent directories): .git
2024-08-17 20:43:01.443 [info] > git rev-parse --show-toplevel [2ms]
2024-08-17 20:43:01.443 [info] fatal: not a git repository (or any of the parent directories): .git
2024-08-17 20:43:03.888 [info] > git rev-parse --show-toplevel [4ms]
2024-08-17 20:43:03.888 [info] fatal: not a git repository (or any of the parent directories): .git
2024-08-17 20:43:04.083 [info] > git rev-parse --show-toplevel [7ms]
2024-08-17 20:43:04.083 [info] fatal: not a git repository (or any of the parent directories): .git
2024-08-17 20:43:04.260 [info] > git rev-parse --show-toplevel [3ms]
2024-08-17 20:43:04.260 [info] fatal: not a git repository (or any of the parent directories): .git
2024-08-17 20:43:05.215 [info] > git rev-parse --show-toplevel [6ms]
2024-08-17 20:43:05.215 [info] fatal: not a git repository (or any of the parent directories): .git
2024-08-17 20:43:06.229 [info] > git rev-parse --show-toplevel [6ms]
2024-08-17 20:43:06.229 [info] fatal: not a git repository (or any of the parent directories): .git
2024-08-17 20:43:10.788 [info] > git rev-parse --show-toplevel [5ms]
2024-08-17 20:43:10.788 [info] fatal: not a git repository (or any of the parent directories): .git
2024-08-17 20:43:19.895 [info] > git rev-parse --show-toplevel [3ms]
2024-08-17 20:43:19.895 [info] fatal: not a git repository (or any of the parent directories): .git
2024-08-17 20:43:28.416 [info] > git rev-parse --show-toplevel [6ms]
2024-08-17 20:43:28.416 [info] fatal: not a git repository (or any of the parent directories): .git
2024-08-17 20:43:41.008 [info] > git rev-parse --show-toplevel [3ms]
2024-08-17 20:43:41.008 [info] fatal: not a git repository (or any of the parent directories): .git
2024-08-17 20:43:46.623 [info] > git rev-parse --show-toplevel [8ms]
2024-08-17 20:43:46.623 [info] fatal: not a git repository (or any of the parent directories): .git
2024-08-17 20:43:47.634 [info] > git rev-parse --show-toplevel [3ms]
2024-08-17 20:43:47.634 [info] fatal: not a git repository (or any of the parent directories): .git
2024-08-17 20:43:51.412 [info] > git rev-parse --show-toplevel [6ms]
2024-08-17 20:43:51.413 [info] fatal: not a git repository (or any of the parent directories): .git
2024-08-17 20:44:32.496 [info] > git rev-parse --show-toplevel [3ms]
2024-08-17 20:44:32.496 [info] fatal: not a git repository (or any of the parent directories): .git
2024-08-17 20:44:44.923 [info] > git rev-parse --show-toplevel [6ms]
2024-08-17 20:44:44.923 [info] fatal: not a git repository (or any of the parent directories): .git
2024-08-17 20:45:22.055 [info] > git rev-parse --show-toplevel [9ms]
2024-08-17 20:45:22.055 [info] fatal: not a git repository (or any of the parent directories): .git
2024-08-17 20:45:34.502 [info] > git rev-parse --show-toplevel [7ms]
2024-08-17 20:45:34.502 [info] fatal: not a git repository (or any of the parent directories): .git
2024-08-17 20:46:11.550 [info] > git rev-parse --show-toplevel [3ms]
2024-08-17 20:46:11.550 [info] fatal: not a git repository (or any of the parent directories): .git
2024-08-17 20:46:13.842 [info] > git rev-parse --show-toplevel [10ms]
2024-08-17 20:46:13.842 [info] fatal: not a git repository (or any of the parent directories): .git
2024-08-17 20:46:34.090 [info] > git rev-parse --show-toplevel [5ms]
2024-08-17 20:46:34.090 [info] fatal: not a git repository (or any of the parent directories): .git
2024-08-17 20:46:34.260 [info] > git rev-parse --show-toplevel [6ms]
2024-08-17 20:46:34.260 [info] fatal: not a git repository (or any of the parent directories): .git
2024-08-17 20:51:57.293 [info] > git rev-parse --show-toplevel [4ms]
2024-08-17 20:51:57.293 [info] fatal: not a git repository (or any of the parent directories): .git
2024-08-17 20:52:54.838 [info] > git rev-parse --show-toplevel [9ms]
2024-08-17 20:52:54.838 [info] fatal: not a git repository (or any of the parent directories): .git
2024-08-17 20:55:12.228 [info] > git rev-parse --show-toplevel [7ms]
2024-08-17 20:55:12.228 [info] fatal: not a git repository (or any of the parent directories): .git
2024-08-17 20:55:21.519 [info] > git rev-parse --show-toplevel [9ms]
2024-08-17 20:55:21.519 [info] fatal: not a git repository (or any of the parent directories): .git
2024-08-17 20:55:22.571 [info] > git rev-parse --show-toplevel [5ms]
2024-08-17 20:55:22.572 [info] fatal: not a git repository (or any of the parent directories): .git
2024-08-17 20:55:25.131 [info] > git rev-parse --show-toplevel [6ms]
2024-08-17 20:55:25.131 [info] fatal: not a git repository (or any of the parent directories): .git
2024-08-17 20:55:51.027 [info] > git rev-parse --show-toplevel [7ms]
2024-08-17 20:55:51.027 [info] fatal: not a git repository (or any of the parent directories): .git
2024-08-17 20:56:41.377 [info] > git rev-parse --show-toplevel [4ms]
2024-08-17 20:56:41.377 [info] fatal: not a git repository (or any of the parent directories): .git
2024-08-17 20:57:05.873 [info] > git rev-parse --show-toplevel [6ms]
2024-08-17 20:57:05.873 [info] fatal: not a git repository (or any of the parent directories): .git
2024-08-17 20:57:07.332 [info] > git rev-parse --show-toplevel [7ms]
2024-08-17 20:57:07.332 [info] fatal: not a git repository (or any of the parent directories): .git
2024-08-17 20:57:07.818 [info] > git rev-parse --show-toplevel [4ms]
2024-08-17 20:57:07.818 [info] fatal: not a git repository (or any of the parent directories): .git
2024-08-17 20:57:08.049 [info] > git rev-parse --show-toplevel [4ms]
2024-08-17 20:57:08.049 [info] fatal: not a git repository (or any of the parent directories): .git
2024-08-17 20:57:16.034 [info] > git rev-parse --show-toplevel [3ms]
2024-08-17 20:57:16.034 [info] fatal: not a git repository (or any of the parent directories): .git
2024-08-17 20:57:16.168 [info] > git rev-parse --show-toplevel [9ms]
2024-08-17 20:57:16.168 [info] fatal: not a git repository (or any of the parent directories): .git
2024-08-17 20:57:28.493 [info] > git rev-parse --show-toplevel [7ms]
2024-08-17 20:57:28.493 [info] fatal: not a git repository (or any of the parent directories): .git
2024-08-17 20:57:28.724 [info] > git rev-parse --show-toplevel [3ms]
2024-08-17 20:57:28.724 [info] fatal: not a git repository (or any of the parent directories): .git
2024-08-17 20:57:31.828 [info] > git rev-parse --show-toplevel [7ms]
2024-08-17 20:57:31.828 [info] fatal: not a git repository (or any of the parent directories): .git
2024-08-17 20:57:32.260 [info] > git rev-parse --show-toplevel [4ms]
2024-08-17 20:57:32.261 [info] fatal: not a git repository (or any of the parent directories): .git
2024-08-17 20:57:34.607 [info] > git rev-parse --show-toplevel [6ms]
2024-08-17 20:57:34.607 [info] fatal: not a git repository (or any of the parent directories): .git
2024-08-17 20:57:35.015 [info] > git rev-parse --show-toplevel [3ms]
2024-08-17 20:57:35.015 [info] fatal: not a git repository (or any of the parent directories): .git
2024-08-17 20:57:40.189 [info] > git rev-parse --show-toplevel [5ms]
2024-08-17 20:57:40.189 [info] fatal: not a git repository (or any of the parent directories): .git
2024-08-17 21:00:17.549 [info] > git rev-parse --show-toplevel [2ms]
2024-08-17 21:00:17.549 [info] fatal: not a git repository (or any of the parent directories): .git
2024-08-17 21:00:17.563 [info] > git rev-parse --show-toplevel [2ms]
2024-08-17 21:00:17.563 [info] fatal: not a git repository (or any of the parent directories): .git
2024-08-17 21:00:17.576 [info] > git rev-parse --show-toplevel [2ms]
2024-08-17 21:00:17.576 [info] fatal: not a git repository (or any of the parent directories): .git
2024-08-17 21:00:17.590 [info] > git rev-parse --show-toplevel [2ms]
2024-08-17 21:00:17.590 [info] fatal: not a git repository (or any of the parent directories): .git
2024-08-17 21:00:17.604 [info] > git rev-parse --show-toplevel [2ms]
2024-08-17 21:00:17.604 [info] fatal: not a git repository (or any of the parent directories): .git
2024-08-17 21:00:27.118 [info] > git rev-parse --show-toplevel [4ms]
2024-08-17 21:00:27.118 [info] fatal: not a git repository (or any of the parent directories): .git
2024-08-17 21:00:58.827 [info] > git rev-parse --show-toplevel [4ms]
2024-08-17 21:00:58.827 [info] fatal: not a git repository (or any of the parent directories): .git
2024-08-17 21:01:03.981 [info] > git rev-parse --show-toplevel [5ms]
2024-08-17 21:01:03.981 [info] fatal: not a git repository (or any of the parent directories): .git
2024-08-17 21:02:03.199 [info] > git rev-parse --show-toplevel [4ms]
2024-08-17 21:02:03.199 [info] fatal: not a git repository (or any of the parent directories): .git
2024-08-17 21:02:10.529 [info] > git rev-parse --show-toplevel [4ms]
2024-08-17 21:02:10.529 [info] fatal: not a git repository (or any of the parent directories): .git
2024-08-17 21:02:29.515 [info] > git rev-parse --show-toplevel [4ms]
2024-08-17 21:02:29.515 [info] fatal: not a git repository (or any of the parent directories): .git
2024-08-17 21:02:45.772 [info] > git rev-parse --show-toplevel [3ms]
2024-08-17 21:02:45.772 [info] fatal: not a git repository (or any of the parent directories): .git
2024-08-17 21:03:37.039 [info] > git rev-parse --show-toplevel [5ms]
2024-08-17 21:03:37.039 [info] fatal: not a git repository (or any of the parent directories): .git
2024-08-17 21:05:11.267 [info] > git rev-parse --show-toplevel [5ms]
2024-08-17 21:05:11.267 [info] fatal: not a git repository (or any of the parent directories): .git
2024-08-17 21:05:24.473 [info] > git rev-parse --show-toplevel [6ms]
2024-08-17 21:05:24.473 [info] fatal: not a git repository (or any of the parent directories): .git
